#
# A fatal error has been detected by the Java Runtime Environment:
#
#  EXCEPTION_ACCESS_VIOLATION (0xc0000005) at pc=0x00007ffe16a08414, pid=196, tid=9476
#
# JRE version: Java(TM) SE Runtime Environment 18.9 (11.0.7+8) (build 11.0.7+8-LTS)
# Java VM: Java HotSpot(TM) 64-Bit Server VM 18.9 (11.0.7+8-LTS, mixed mode, tiered, compressed oops, g1 gc, windows-amd64)
# Problematic frame:
# V  [jvm.dll+0x118414]
#
# No core dump will be written. Minidumps are not enabled by default on client versions of Windows
#
# If you would like to submit a bug report, please visit:
#   https://bugreport.java.com/bugreport/crash.jsp
#

---------------  S U M M A R Y ------------

Command Line: -javaagent:C:\Program Files\JetBrains\IntelliJ IDEA Community Edition 2019.3.4\lib\idea_rt.jar=51211:C:\Program Files\JetBrains\IntelliJ IDEA Community Edition 2019.3.4\bin -Dfile.encoding=UTF-8 com.raphael.api.ApiSybase.ApiSybaseApplication

Host: Intel(R) Core(TM) i5-4570 CPU @ 3.20GHz, 4 cores, 15G,  Windows 10 , 64 bit Build 18362 (10.0.18362.778)
Time: Mon Jun  8 11:49:32 2020 Hora oficial do Brasil elapsed time: 8 seconds (0d 0h 0m 8s)

---------------  T H R E A D  ---------------

Current thread (0x0000025c2919a800):  JavaThread "C2 CompilerThread0" daemon [_thread_in_native, id=9476, stack(0x0000006c4d600000,0x0000006c4d700000)]


Current CompileTask:
C2:   8525 4577 %     4       java.util.Properties$LineReader::readLine @ 293 (584 bytes)

Stack: [0x0000006c4d600000,0x0000006c4d700000],  sp=0x0000006c4d6fbc70,  free space=1007k
Native frames: (J=compiled Java code, j=interpreted, Vv=VM code, C=native code)
V  [jvm.dll+0x118414]
V  [jvm.dll+0x11660e]
V  [jvm.dll+0x21887a]
V  [jvm.dll+0x21788a]
V  [jvm.dll+0x19407c]
V  [jvm.dll+0x226c74]
V  [jvm.dll+0x224e98]
V  [jvm.dll+0x765e25]
V  [jvm.dll+0x75e875]
V  [jvm.dll+0x660b26]
C  [ucrtbase.dll+0x20e82]
C  [KERNEL32.DLL+0x17bd4]
C  [ntdll.dll+0x6ce51]


siginfo: EXCEPTION_ACCESS_VIOLATION (0xc0000005), reading address 0x0000025ce8bf8cb0


Register to memory mapping:

RIP=0x00007ffe16a08414 jvm.dll
RAX=0x000000002e848200 is an unknown value
RBX=0x0000025c2eadbaa0 points into unknown readable memory: 18 01 00 00 00 00 00 00
RCX=0x000000002e848200 is an unknown value
RDX=0x000000002e848200 is an unknown value
RSP=0x0000006c4d6fbc70 is pointing into the stack for thread: 0x0000025c2919a800
RBP=0x000000000000000f is an unknown value
RSI=0x0000025c2d4ca900 points into unknown readable memory: 80 4c 16 17 fe 7f 00 00
RDI=0x0000025c2eadbd40 points into unknown readable memory: 1e 00 00 00 00 00 00 00
R8 =0x000000000000211a is an unknown value
R9 =0x0000025c2ead84b0 points into unknown readable memory: 00 00 00 00 01 00 00 00
R10=0x0000025c2eadbad0 points into unknown readable memory: 50 aa 4c 2d 5c 02 00 00
R11=0x0000025c2fc733d0 points into unknown readable memory: 7b 01 00 00 00 02 00 00
R12=0xfffffffffffff42f is an unknown value
R13=0x0000025c2d4caa50 points into unknown readable memory: 80 4c 16 17 fe 7f 00 00
R14=0x000000000000000f is an unknown value
R15=0x0000006c4d6fbd40 is pointing into the stack for thread: 0x0000025c2919a800


Registers:
RAX=0x000000002e848200, RBX=0x0000025c2eadbaa0, RCX=0x000000002e848200, RDX=0x000000002e848200
RSP=0x0000006c4d6fbc70, RBP=0x000000000000000f, RSI=0x0000025c2d4ca900, RDI=0x0000025c2eadbd40
R8 =0x000000000000211a, R9 =0x0000025c2ead84b0, R10=0x0000025c2eadbad0, R11=0x0000025c2fc733d0
R12=0xfffffffffffff42f, R13=0x0000025c2d4caa50, R14=0x000000000000000f, R15=0x0000006c4d6fbd40
RIP=0x00007ffe16a08414, EFLAGS=0x0000000000010212

Top of Stack: (sp=0x0000006c4d6fbc70)
0x0000006c4d6fbc70:   0000025c2eadbaa0 0000025c2eadbd40
0x0000006c4d6fbc80:   0000025c2fc6bf60 0000025c2fc733d0
0x0000006c4d6fbc90:   0000025c2fc71030 0000025c2fc6bf60
0x0000006c4d6fbca0:   0000025c2fc733d0 00007ffe16a0660e
0x0000006c4d6fbcb0:   00000000000005e8 000000000000017a
0x0000006c4d6fbcc0:   0000006c4d6fbd40 0000025c29183750
0x0000006c4d6fbcd0:   00007ffe17163fe8 0000000000000000
0x0000006c4d6fbce0:   0000000000000000 0000000000000008
0x0000006c4d6fbcf0:   00007ffe17189658 0000025c2917c750
0x0000006c4d6fbd00:   0000006c4d6fbe10 00007ffe16b0887a
0x0000006c4d6fbd10:   00000000000a33f8 0000025c2fc73f48
0x0000006c4d6fbd20:   0000006c4d6fe3c0 0000025c2e7e6048
0x0000006c4d6fbd30:   0000025c2fcd8b00 0000025c2e20f798
0x0000006c4d6fbd40:   0000025c00000008 0000006c4d6fe3c0
0x0000006c4d6fbd50:   0000006c4d6fbe00 0000025c2fc733a0
0x0000006c4d6fbd60:   0000025c2fc71030 0000025c2fc71c00 

Instructions: (pc=0x00007ffe16a08414)
0x00007ffe16a083f4:   4d 8b 4b 08 48 8b 3c c8 43 8b 14 81 41 3b d0 74
0x00007ffe16a08404:   2f 66 66 66 0f 1f 84 00 00 00 00 00 8b ca 8b c2
0x00007ffe16a08414:   41 8b 14 81 3b d1 75 f4 44 3b c2 74 13 49 8b 43
0x00007ffe16a08424:   08 41 8b c8 44 8b 04 88 89 14 88 44 3b c2 75 ed 


Stack slot to memory mapping:
stack at sp + 0 slots: 0x0000025c2eadbaa0 points into unknown readable memory: 18 01 00 00 00 00 00 00
stack at sp + 1 slots: 0x0000025c2eadbd40 points into unknown readable memory: 1e 00 00 00 00 00 00 00
stack at sp + 2 slots: 0x0000025c2fc6bf60 points into unknown readable memory: a0 84 ad 2e 5c 02 00 00
stack at sp + 3 slots: 0x0000025c2fc733d0 points into unknown readable memory: 7b 01 00 00 00 02 00 00
stack at sp + 4 slots: 0x0000025c2fc71030 points into unknown readable memory: 00 00 00 00 00 00 00 00
stack at sp + 5 slots: 0x0000025c2fc6bf60 points into unknown readable memory: a0 84 ad 2e 5c 02 00 00
stack at sp + 6 slots: 0x0000025c2fc733d0 points into unknown readable memory: 7b 01 00 00 00 02 00 00
stack at sp + 7 slots: 0x00007ffe16a0660e jvm.dll


---------------  P R O C E S S  ---------------

Threads class SMR info:
_java_thread_list=0x0000025c2f076c20, length=34, elements={
0x0000025c2917d000, 0x0000025c2917d800, 0x0000025c29198000, 0x0000025c29199800,
0x0000025c2919a800, 0x0000025c29a86800, 0x0000025c29af7800, 0x0000025c29c02000,
0x0000025c2a14d000, 0x0000025c2a15f800, 0x0000025c2c73a800, 0x0000025c2c739000,
0x0000025c2c738800, 0x0000025c2c73a000, 0x0000025c2e930800, 0x0000025c2e934800,
0x0000025c2e935800, 0x0000025c2e937000, 0x0000025c2e933800, 0x0000025c2e933000,
0x0000025c2e936000, 0x0000025c2e931000, 0x0000025c2e937800, 0x0000025c2e932000,
0x0000025c2e939800, 0x0000025c2e93b000, 0x0000025c2e93c000, 0x0000025c2e93c800,
0x0000025c2e938800, 0x0000025c2e93d800, 0x0000025c2e93a000, 0x0000025c2e93e800,
0x0000025c2e93f000, 0x0000025c2f9d6800
}

Java Threads: ( => current thread )
  0x0000025c2917d000 JavaThread "Reference Handler" daemon [_thread_blocked, id=11780, stack(0x0000006c4d200000,0x0000006c4d300000)]
  0x0000025c2917d800 JavaThread "Finalizer" daemon [_thread_blocked, id=4488, stack(0x0000006c4d300000,0x0000006c4d400000)]
  0x0000025c29198000 JavaThread "Signal Dispatcher" daemon [_thread_blocked, id=6244, stack(0x0000006c4d400000,0x0000006c4d500000)]
  0x0000025c29199800 JavaThread "Attach Listener" daemon [_thread_blocked, id=6540, stack(0x0000006c4d500000,0x0000006c4d600000)]
=>0x0000025c2919a800 JavaThread "C2 CompilerThread0" daemon [_thread_in_native, id=9476, stack(0x0000006c4d600000,0x0000006c4d700000)]
  0x0000025c29a86800 JavaThread "C1 CompilerThread0" daemon [_thread_blocked, id=2288, stack(0x0000006c4d700000,0x0000006c4d800000)]
  0x0000025c29af7800 JavaThread "Sweeper thread" daemon [_thread_blocked, id=12052, stack(0x0000006c4d800000,0x0000006c4d900000)]
  0x0000025c29c02000 JavaThread "Common-Cleaner" daemon [_thread_blocked, id=12024, stack(0x0000006c4d900000,0x0000006c4da00000)]
  0x0000025c2a14d000 JavaThread "Monitor Ctrl-Break" daemon [_thread_in_native, id=13000, stack(0x0000006c4da00000,0x0000006c4db00000)]
  0x0000025c2a15f800 JavaThread "Service Thread" daemon [_thread_blocked, id=1176, stack(0x0000006c4db00000,0x0000006c4dc00000)]
  0x0000025c2c73a800 JavaThread "Catalina-utility-1" [_thread_blocked, id=1548, stack(0x0000006c4e200000,0x0000006c4e300000)]
  0x0000025c2c739000 JavaThread "Catalina-utility-2" [_thread_blocked, id=3360, stack(0x0000006c4e400000,0x0000006c4e500000)]
  0x0000025c2c738800 JavaThread "container-0" [_thread_blocked, id=7788, stack(0x0000006c4e500000,0x0000006c4e600000)]
  0x0000025c2c73a000 JavaThread "HikariPool-1 housekeeper" daemon [_thread_blocked, id=2840, stack(0x0000006c4e700000,0x0000006c4e800000)]
  0x0000025c2e930800 JavaThread "task-1" [_thread_blocked, id=8080, stack(0x0000006c4e800000,0x0000006c4e900000)]
  0x0000025c2e934800 JavaThread "HikariPool-1 connection adder" daemon [_thread_blocked, id=12180, stack(0x0000006c4e900000,0x0000006c4ea00000)]
  0x0000025c2e935800 JavaThread "task-2" [_thread_blocked, id=12648, stack(0x0000006c4ea00000,0x0000006c4eb00000)]
  0x0000025c2e937000 JavaThread "File Watcher" daemon [_thread_blocked, id=10316, stack(0x0000006c4eb00000,0x0000006c4ec00000)]
  0x0000025c2e933800 JavaThread "Live Reload Server" daemon [_thread_in_native, id=8320, stack(0x0000006c4ed00000,0x0000006c4ee00000)]
  0x0000025c2e933000 JavaThread "http-nio-8080-BlockPoller" daemon [_thread_in_native, id=8968, stack(0x0000006c4ec00000,0x0000006c4ed00000)]
  0x0000025c2e936000 JavaThread "http-nio-8080-exec-1" daemon [_thread_in_vm, id=3652, stack(0x0000006c4ee00000,0x0000006c4ef00000)]
  0x0000025c2e931000 JavaThread "http-nio-8080-exec-2" daemon [_thread_blocked, id=6496, stack(0x0000006c4ef00000,0x0000006c4f000000)]
  0x0000025c2e937800 JavaThread "http-nio-8080-exec-3" daemon [_thread_blocked, id=1364, stack(0x0000006c4f000000,0x0000006c4f100000)]
  0x0000025c2e932000 JavaThread "http-nio-8080-exec-4" daemon [_thread_blocked, id=1068, stack(0x0000006c4f100000,0x0000006c4f200000)]
  0x0000025c2e939800 JavaThread "http-nio-8080-exec-5" daemon [_thread_blocked, id=11924, stack(0x0000006c4f200000,0x0000006c4f300000)]
  0x0000025c2e93b000 JavaThread "http-nio-8080-exec-6" daemon [_thread_blocked, id=1388, stack(0x0000006c4f300000,0x0000006c4f400000)]
  0x0000025c2e93c000 JavaThread "http-nio-8080-exec-7" daemon [_thread_blocked, id=5316, stack(0x0000006c4f400000,0x0000006c4f500000)]
  0x0000025c2e93c800 JavaThread "http-nio-8080-exec-8" daemon [_thread_blocked, id=3080, stack(0x0000006c4f500000,0x0000006c4f600000)]
  0x0000025c2e938800 JavaThread "http-nio-8080-exec-9" daemon [_thread_blocked, id=11380, stack(0x0000006c4f600000,0x0000006c4f700000)]
  0x0000025c2e93d800 JavaThread "http-nio-8080-exec-10" daemon [_thread_blocked, id=6468, stack(0x0000006c4f700000,0x0000006c4f800000)]
  0x0000025c2e93a000 JavaThread "http-nio-8080-ClientPoller" daemon [_thread_in_native, id=9588, stack(0x0000006c4f800000,0x0000006c4f900000)]
  0x0000025c2e93e800 JavaThread "http-nio-8080-Acceptor" daemon [_thread_in_native, id=6692, stack(0x0000006c4f900000,0x0000006c4fa00000)]
  0x0000025c2e93f000 JavaThread "DestroyJavaVM" [_thread_blocked, id=2664, stack(0x0000006c4cb00000,0x0000006c4cc00000)]
  0x0000025c2f9d6800 JavaThread "C2 CompilerThread1" daemon [_thread_in_native, id=1584, stack(0x0000006c4e000000,0x0000006c4e100000)]

Other Threads:
  0x0000025c29178800 VMThread "VM Thread" [stack: 0x0000006c4d100000,0x0000006c4d200000] [id=8676]
  0x0000025c29d9e000 WatcherThread [stack: 0x0000006c4dc00000,0x0000006c4dd00000] [id=1664]
  0x0000025c0612b800 GCTaskThread "GC Thread#0" [stack: 0x0000006c4cc00000,0x0000006c4cd00000] [id=7396]
  0x0000025c2a6ae800 GCTaskThread "GC Thread#1" [stack: 0x0000006c4dd00000,0x0000006c4de00000] [id=4708]
  0x0000025c2a697800 GCTaskThread "GC Thread#2" [stack: 0x0000006c4de00000,0x0000006c4df00000] [id=13140]
  0x0000025c2a388800 GCTaskThread "GC Thread#3" [stack: 0x0000006c4df00000,0x0000006c4e000000] [id=2752]
  0x0000025c06187800 ConcurrentGCThread "G1 Main Marker" [stack: 0x0000006c4cd00000,0x0000006c4ce00000] [id=8388]
  0x0000025c06189000 ConcurrentGCThread "G1 Conc#0" [stack: 0x0000006c4ce00000,0x0000006c4cf00000] [id=7368]
  0x0000025c29060000 ConcurrentGCThread "G1 Refine#0" [stack: 0x0000006c4cf00000,0x0000006c4d000000] [id=12192]
  0x0000025c29061000 ConcurrentGCThread "G1 Young RemSet Sampling" [stack: 0x0000006c4d000000,0x0000006c4d100000] [id=8764]

Threads with active compile tasks:
C2 CompilerThread04577 %     4       java.util.Properties$LineReader::readLine @ 293 (584 bytes)
C2 CompilerThread14610       4       jdk.internal.ref.PhantomCleanable::clean (16 bytes)

VM state:not at safepoint (normal execution)

VM Mutex/Monitor currently owned by a thread: None

Heap address: 0x0000000701600000, size: 4074 MB, Compressed Oops mode: Zero based, Oop shift amount: 3
Narrow klass base: 0x0000000800000000, Narrow klass shift: 0
Compressed class space size: 1073741824 Address: 0x0000000800000000

Heap:
 garbage-first heap   total 319488K, used 20301K [0x0000000701600000, 0x0000000800000000)
  region size 1024K, 16 young (16384K), 15 survivors (15360K)
 Metaspace       used 58848K, capacity 60248K, committed 60496K, reserved 1101824K
  class space    used 7444K, capacity 8005K, committed 8064K, reserved 1048576K
Heap Regions: E=young(eden), S=young(survivor), O=old, HS=humongous(starts), HC=humongous(continues), CS=collection set, F=free, A=archive, TAMS=top-at-mark-start (previous, next)
|   0|0x0000000701600000, 0x0000000701700000, 0x0000000701700000|100%|HS|  |TAMS 0x0000000701700000, 0x0000000701700000| Complete 
|   1|0x0000000701700000, 0x0000000701800000, 0x0000000701800000|100%| O|  |TAMS 0x0000000701800000, 0x0000000701800000| Untracked 
|   2|0x0000000701800000, 0x0000000701900000, 0x0000000701900000|100%| O|  |TAMS 0x0000000701900000, 0x0000000701900000| Untracked 
|   3|0x0000000701900000, 0x0000000701a00000, 0x0000000701a00000|100%| O|  |TAMS 0x0000000701a00000, 0x0000000701a00000| Untracked 
|   4|0x0000000701a00000, 0x0000000701b00000, 0x0000000701b00000|100%| O|  |TAMS 0x0000000701b00000, 0x0000000701b00000| Untracked 
|   5|0x0000000701b00000, 0x0000000701b78e00, 0x0000000701c00000| 47%| O|  |TAMS 0x0000000701b78e00, 0x0000000701b78e00| Untracked 
|   6|0x0000000701c00000, 0x0000000701c00000, 0x0000000701d00000|  0%| F|  |TAMS 0x0000000701c00000, 0x0000000701c00000| Untracked 
|   7|0x0000000701d00000, 0x0000000701d00000, 0x0000000701e00000|  0%| F|  |TAMS 0x0000000701d00000, 0x0000000701d00000| Untracked 
|   8|0x0000000701e00000, 0x0000000701e00000, 0x0000000701f00000|  0%| F|  |TAMS 0x0000000701e00000, 0x0000000701e00000| Untracked 
|   9|0x0000000701f00000, 0x0000000701f00000, 0x0000000702000000|  0%| F|  |TAMS 0x0000000701f00000, 0x0000000701f00000| Untracked 
|  10|0x0000000702000000, 0x0000000702000000, 0x0000000702100000|  0%| F|  |TAMS 0x0000000702000000, 0x0000000702000000| Untracked 
|  11|0x0000000702100000, 0x0000000702100000, 0x0000000702200000|  0%| F|  |TAMS 0x0000000702100000, 0x0000000702100000| Untracked 
|  12|0x0000000702200000, 0x0000000702200000, 0x0000000702300000|  0%| F|  |TAMS 0x0000000702200000, 0x0000000702200000| Untracked 
|  13|0x0000000702300000, 0x0000000702300000, 0x0000000702400000|  0%| F|  |TAMS 0x0000000702300000, 0x0000000702300000| Untracked 
|  14|0x0000000702400000, 0x0000000702400000, 0x0000000702500000|  0%| F|  |TAMS 0x0000000702400000, 0x0000000702400000| Untracked 
|  15|0x0000000702500000, 0x0000000702500000, 0x0000000702600000|  0%| F|  |TAMS 0x0000000702500000, 0x0000000702500000| Untracked 
|  16|0x0000000702600000, 0x0000000702600000, 0x0000000702700000|  0%| F|  |TAMS 0x0000000702600000, 0x0000000702600000| Untracked 
|  17|0x0000000702700000, 0x0000000702700000, 0x0000000702800000|  0%| F|  |TAMS 0x0000000702700000, 0x0000000702700000| Untracked 
|  18|0x0000000702800000, 0x0000000702800000, 0x0000000702900000|  0%| F|  |TAMS 0x0000000702800000, 0x0000000702800000| Untracked 
|  19|0x0000000702900000, 0x0000000702900000, 0x0000000702a00000|  0%| F|  |TAMS 0x0000000702900000, 0x0000000702900000| Untracked 
|  20|0x0000000702a00000, 0x0000000702a00000, 0x0000000702b00000|  0%| F|  |TAMS 0x0000000702a00000, 0x0000000702a00000| Untracked 
|  21|0x0000000702b00000, 0x0000000702b00000, 0x0000000702c00000|  0%| F|  |TAMS 0x0000000702b00000, 0x0000000702b00000| Untracked 
|  22|0x0000000702c00000, 0x0000000702c00000, 0x0000000702d00000|  0%| F|  |TAMS 0x0000000702c00000, 0x0000000702c00000| Untracked 
|  23|0x0000000702d00000, 0x0000000702d00000, 0x0000000702e00000|  0%| F|  |TAMS 0x0000000702d00000, 0x0000000702d00000| Untracked 
|  24|0x0000000702e00000, 0x0000000702e00000, 0x0000000702f00000|  0%| F|  |TAMS 0x0000000702e00000, 0x0000000702e00000| Untracked 
|  25|0x0000000702f00000, 0x0000000702f00000, 0x0000000703000000|  0%| F|  |TAMS 0x0000000702f00000, 0x0000000702f00000| Untracked 
|  26|0x0000000703000000, 0x0000000703000000, 0x0000000703100000|  0%| F|  |TAMS 0x0000000703000000, 0x0000000703000000| Untracked 
|  27|0x0000000703100000, 0x0000000703100000, 0x0000000703200000|  0%| F|  |TAMS 0x0000000703100000, 0x0000000703100000| Untracked 
|  28|0x0000000703200000, 0x0000000703200000, 0x0000000703300000|  0%| F|  |TAMS 0x0000000703200000, 0x0000000703200000| Untracked 
|  29|0x0000000703300000, 0x0000000703300000, 0x0000000703400000|  0%| F|  |TAMS 0x0000000703300000, 0x0000000703300000| Untracked 
|  30|0x0000000703400000, 0x0000000703400000, 0x0000000703500000|  0%| F|  |TAMS 0x0000000703400000, 0x0000000703400000| Untracked 
|  31|0x0000000703500000, 0x0000000703500000, 0x0000000703600000|  0%| F|  |TAMS 0x0000000703500000, 0x0000000703500000| Untracked 
|  32|0x0000000703600000, 0x0000000703600000, 0x0000000703700000|  0%| F|  |TAMS 0x0000000703600000, 0x0000000703600000| Untracked 
|  33|0x0000000703700000, 0x0000000703700000, 0x0000000703800000|  0%| F|  |TAMS 0x0000000703700000, 0x0000000703700000| Untracked 
|  34|0x0000000703800000, 0x0000000703800000, 0x0000000703900000|  0%| F|  |TAMS 0x0000000703800000, 0x0000000703800000| Untracked 
|  35|0x0000000703900000, 0x0000000703900000, 0x0000000703a00000|  0%| F|  |TAMS 0x0000000703900000, 0x0000000703900000| Untracked 
|  36|0x0000000703a00000, 0x0000000703a00000, 0x0000000703b00000|  0%| F|  |TAMS 0x0000000703a00000, 0x0000000703a00000| Untracked 
|  37|0x0000000703b00000, 0x0000000703b00000, 0x0000000703c00000|  0%| F|  |TAMS 0x0000000703b00000, 0x0000000703b00000| Untracked 
|  38|0x0000000703c00000, 0x0000000703c00000, 0x0000000703d00000|  0%| F|  |TAMS 0x0000000703c00000, 0x0000000703c00000| Untracked 
|  39|0x0000000703d00000, 0x0000000703d00000, 0x0000000703e00000|  0%| F|  |TAMS 0x0000000703d00000, 0x0000000703d00000| Untracked 
|  40|0x0000000703e00000, 0x0000000703e00000, 0x0000000703f00000|  0%| F|  |TAMS 0x0000000703e00000, 0x0000000703e00000| Untracked 
|  41|0x0000000703f00000, 0x0000000703f00000, 0x0000000704000000|  0%| F|  |TAMS 0x0000000703f00000, 0x0000000703f00000| Untracked 
|  42|0x0000000704000000, 0x0000000704000000, 0x0000000704100000|  0%| F|  |TAMS 0x0000000704000000, 0x0000000704000000| Untracked 
|  43|0x0000000704100000, 0x0000000704100000, 0x0000000704200000|  0%| F|  |TAMS 0x0000000704100000, 0x0000000704100000| Untracked 
|  44|0x0000000704200000, 0x0000000704200000, 0x0000000704300000|  0%| F|  |TAMS 0x0000000704200000, 0x0000000704200000| Untracked 
|  45|0x0000000704300000, 0x0000000704300000, 0x0000000704400000|  0%| F|  |TAMS 0x0000000704300000, 0x0000000704300000| Untracked 
|  46|0x0000000704400000, 0x0000000704400000, 0x0000000704500000|  0%| F|  |TAMS 0x0000000704400000, 0x0000000704400000| Untracked 
|  47|0x0000000704500000, 0x0000000704500000, 0x0000000704600000|  0%| F|  |TAMS 0x0000000704500000, 0x0000000704500000| Untracked 
|  48|0x0000000704600000, 0x0000000704600000, 0x0000000704700000|  0%| F|  |TAMS 0x0000000704600000, 0x0000000704600000| Untracked 
|  49|0x0000000704700000, 0x0000000704700000, 0x0000000704800000|  0%| F|  |TAMS 0x0000000704700000, 0x0000000704700000| Untracked 
|  50|0x0000000704800000, 0x0000000704800000, 0x0000000704900000|  0%| F|  |TAMS 0x0000000704800000, 0x0000000704800000| Untracked 
|  51|0x0000000704900000, 0x0000000704900000, 0x0000000704a00000|  0%| F|  |TAMS 0x0000000704900000, 0x0000000704900000| Untracked 
|  52|0x0000000704a00000, 0x0000000704a00000, 0x0000000704b00000|  0%| F|  |TAMS 0x0000000704a00000, 0x0000000704a00000| Untracked 
|  53|0x0000000704b00000, 0x0000000704b00000, 0x0000000704c00000|  0%| F|  |TAMS 0x0000000704b00000, 0x0000000704b00000| Untracked 
|  54|0x0000000704c00000, 0x0000000704c00000, 0x0000000704d00000|  0%| F|  |TAMS 0x0000000704c00000, 0x0000000704c00000| Untracked 
|  55|0x0000000704d00000, 0x0000000704d00000, 0x0000000704e00000|  0%| F|  |TAMS 0x0000000704d00000, 0x0000000704d00000| Untracked 
|  56|0x0000000704e00000, 0x0000000704e00000, 0x0000000704f00000|  0%| F|  |TAMS 0x0000000704e00000, 0x0000000704e00000| Untracked 
|  57|0x0000000704f00000, 0x0000000704f00000, 0x0000000705000000|  0%| F|  |TAMS 0x0000000704f00000, 0x0000000704f00000| Untracked 
|  58|0x0000000705000000, 0x0000000705000000, 0x0000000705100000|  0%| F|  |TAMS 0x0000000705000000, 0x0000000705000000| Untracked 
|  59|0x0000000705100000, 0x0000000705100000, 0x0000000705200000|  0%| F|  |TAMS 0x0000000705100000, 0x0000000705100000| Untracked 
|  60|0x0000000705200000, 0x0000000705200000, 0x0000000705300000|  0%| F|  |TAMS 0x0000000705200000, 0x0000000705200000| Untracked 
|  61|0x0000000705300000, 0x0000000705300000, 0x0000000705400000|  0%| F|  |TAMS 0x0000000705300000, 0x0000000705300000| Untracked 
|  62|0x0000000705400000, 0x0000000705400000, 0x0000000705500000|  0%| F|  |TAMS 0x0000000705400000, 0x0000000705400000| Untracked 
|  63|0x0000000705500000, 0x0000000705500000, 0x0000000705600000|  0%| F|  |TAMS 0x0000000705500000, 0x0000000705500000| Untracked 
|  64|0x0000000705600000, 0x0000000705600000, 0x0000000705700000|  0%| F|  |TAMS 0x0000000705600000, 0x0000000705600000| Untracked 
|  65|0x0000000705700000, 0x0000000705700000, 0x0000000705800000|  0%| F|  |TAMS 0x0000000705700000, 0x0000000705700000| Untracked 
|  66|0x0000000705800000, 0x0000000705800000, 0x0000000705900000|  0%| F|  |TAMS 0x0000000705800000, 0x0000000705800000| Untracked 
|  67|0x0000000705900000, 0x0000000705900000, 0x0000000705a00000|  0%| F|  |TAMS 0x0000000705900000, 0x0000000705900000| Untracked 
|  68|0x0000000705a00000, 0x0000000705a00000, 0x0000000705b00000|  0%| F|  |TAMS 0x0000000705a00000, 0x0000000705a00000| Untracked 
|  69|0x0000000705b00000, 0x0000000705b00000, 0x0000000705c00000|  0%| F|  |TAMS 0x0000000705b00000, 0x0000000705b00000| Untracked 
|  70|0x0000000705c00000, 0x0000000705c00000, 0x0000000705d00000|  0%| F|  |TAMS 0x0000000705c00000, 0x0000000705c00000| Untracked 
|  71|0x0000000705d00000, 0x0000000705d00000, 0x0000000705e00000|  0%| F|  |TAMS 0x0000000705d00000, 0x0000000705d00000| Untracked 
|  72|0x0000000705e00000, 0x0000000705e00000, 0x0000000705f00000|  0%| F|  |TAMS 0x0000000705e00000, 0x0000000705e00000| Untracked 
|  73|0x0000000705f00000, 0x0000000705f00000, 0x0000000706000000|  0%| F|  |TAMS 0x0000000705f00000, 0x0000000705f00000| Untracked 
|  74|0x0000000706000000, 0x0000000706000000, 0x0000000706100000|  0%| F|  |TAMS 0x0000000706000000, 0x0000000706000000| Untracked 
|  75|0x0000000706100000, 0x0000000706100000, 0x0000000706200000|  0%| F|  |TAMS 0x0000000706100000, 0x0000000706100000| Untracked 
|  76|0x0000000706200000, 0x0000000706200000, 0x0000000706300000|  0%| F|  |TAMS 0x0000000706200000, 0x0000000706200000| Untracked 
|  77|0x0000000706300000, 0x0000000706300000, 0x0000000706400000|  0%| F|  |TAMS 0x0000000706300000, 0x0000000706300000| Untracked 
|  78|0x0000000706400000, 0x0000000706400000, 0x0000000706500000|  0%| F|  |TAMS 0x0000000706400000, 0x0000000706400000| Untracked 
|  79|0x0000000706500000, 0x0000000706500000, 0x0000000706600000|  0%| F|  |TAMS 0x0000000706500000, 0x0000000706500000| Untracked 
|  80|0x0000000706600000, 0x0000000706600000, 0x0000000706700000|  0%| F|  |TAMS 0x0000000706600000, 0x0000000706600000| Untracked 
|  81|0x0000000706700000, 0x0000000706700000, 0x0000000706800000|  0%| F|  |TAMS 0x0000000706700000, 0x0000000706700000| Untracked 
|  82|0x0000000706800000, 0x0000000706800000, 0x0000000706900000|  0%| F|  |TAMS 0x0000000706800000, 0x0000000706800000| Untracked 
|  83|0x0000000706900000, 0x0000000706900000, 0x0000000706a00000|  0%| F|  |TAMS 0x0000000706900000, 0x0000000706900000| Untracked 
|  84|0x0000000706a00000, 0x0000000706a00000, 0x0000000706b00000|  0%| F|  |TAMS 0x0000000706a00000, 0x0000000706a00000| Untracked 
|  85|0x0000000706b00000, 0x0000000706b00000, 0x0000000706c00000|  0%| F|  |TAMS 0x0000000706b00000, 0x0000000706b00000| Untracked 
|  86|0x0000000706c00000, 0x0000000706c00000, 0x0000000706d00000|  0%| F|  |TAMS 0x0000000706c00000, 0x0000000706c00000| Untracked 
|  87|0x0000000706d00000, 0x0000000706d00000, 0x0000000706e00000|  0%| F|  |TAMS 0x0000000706d00000, 0x0000000706d00000| Untracked 
|  88|0x0000000706e00000, 0x0000000706e00000, 0x0000000706f00000|  0%| F|  |TAMS 0x0000000706e00000, 0x0000000706e00000| Untracked 
|  89|0x0000000706f00000, 0x0000000706f00000, 0x0000000707000000|  0%| F|  |TAMS 0x0000000706f00000, 0x0000000706f00000| Untracked 
|  90|0x0000000707000000, 0x0000000707000000, 0x0000000707100000|  0%| F|  |TAMS 0x0000000707000000, 0x0000000707000000| Untracked 
|  91|0x0000000707100000, 0x0000000707100000, 0x0000000707200000|  0%| F|  |TAMS 0x0000000707100000, 0x0000000707100000| Untracked 
|  92|0x0000000707200000, 0x0000000707200000, 0x0000000707300000|  0%| F|  |TAMS 0x0000000707200000, 0x0000000707200000| Untracked 
|  93|0x0000000707300000, 0x0000000707300000, 0x0000000707400000|  0%| F|  |TAMS 0x0000000707300000, 0x0000000707300000| Untracked 
|  94|0x0000000707400000, 0x0000000707400000, 0x0000000707500000|  0%| F|  |TAMS 0x0000000707400000, 0x0000000707400000| Untracked 
|  95|0x0000000707500000, 0x0000000707500000, 0x0000000707600000|  0%| F|  |TAMS 0x0000000707500000, 0x0000000707500000| Untracked 
|  96|0x0000000707600000, 0x0000000707600000, 0x0000000707700000|  0%| F|  |TAMS 0x0000000707600000, 0x0000000707600000| Untracked 
|  97|0x0000000707700000, 0x0000000707700000, 0x0000000707800000|  0%| F|  |TAMS 0x0000000707700000, 0x0000000707700000| Untracked 
|  98|0x0000000707800000, 0x0000000707800000, 0x0000000707900000|  0%| F|  |TAMS 0x0000000707800000, 0x0000000707800000| Untracked 
|  99|0x0000000707900000, 0x0000000707900000, 0x0000000707a00000|  0%| F|  |TAMS 0x0000000707900000, 0x0000000707900000| Untracked 
| 100|0x0000000707a00000, 0x0000000707a00000, 0x0000000707b00000|  0%| F|  |TAMS 0x0000000707a00000, 0x0000000707a00000| Untracked 
| 101|0x0000000707b00000, 0x0000000707b00000, 0x0000000707c00000|  0%| F|  |TAMS 0x0000000707b00000, 0x0000000707b00000| Untracked 
| 102|0x0000000707c00000, 0x0000000707c00000, 0x0000000707d00000|  0%| F|  |TAMS 0x0000000707c00000, 0x0000000707c00000| Untracked 
| 103|0x0000000707d00000, 0x0000000707d00000, 0x0000000707e00000|  0%| F|  |TAMS 0x0000000707d00000, 0x0000000707d00000| Untracked 
| 104|0x0000000707e00000, 0x0000000707e00000, 0x0000000707f00000|  0%| F|  |TAMS 0x0000000707e00000, 0x0000000707e00000| Untracked 
| 105|0x0000000707f00000, 0x0000000707f00000, 0x0000000708000000|  0%| F|  |TAMS 0x0000000707f00000, 0x0000000707f00000| Untracked 
| 106|0x0000000708000000, 0x0000000708000000, 0x0000000708100000|  0%| F|  |TAMS 0x0000000708000000, 0x0000000708000000| Untracked 
| 107|0x0000000708100000, 0x0000000708100000, 0x0000000708200000|  0%| F|  |TAMS 0x0000000708100000, 0x0000000708100000| Untracked 
| 108|0x0000000708200000, 0x0000000708200000, 0x0000000708300000|  0%| F|  |TAMS 0x0000000708200000, 0x0000000708200000| Untracked 
| 109|0x0000000708300000, 0x0000000708300000, 0x0000000708400000|  0%| F|  |TAMS 0x0000000708300000, 0x0000000708300000| Untracked 
| 110|0x0000000708400000, 0x0000000708400000, 0x0000000708500000|  0%| F|  |TAMS 0x0000000708400000, 0x0000000708400000| Untracked 
| 111|0x0000000708500000, 0x0000000708500000, 0x0000000708600000|  0%| F|  |TAMS 0x0000000708500000, 0x0000000708500000| Untracked 
| 112|0x0000000708600000, 0x0000000708600000, 0x0000000708700000|  0%| F|  |TAMS 0x0000000708600000, 0x0000000708600000| Untracked 
| 113|0x0000000708700000, 0x0000000708700000, 0x0000000708800000|  0%| F|  |TAMS 0x0000000708700000, 0x0000000708700000| Untracked 
| 114|0x0000000708800000, 0x0000000708800000, 0x0000000708900000|  0%| F|  |TAMS 0x0000000708800000, 0x0000000708800000| Untracked 
| 115|0x0000000708900000, 0x0000000708900000, 0x0000000708a00000|  0%| F|  |TAMS 0x0000000708900000, 0x0000000708900000| Untracked 
| 116|0x0000000708a00000, 0x0000000708a00000, 0x0000000708b00000|  0%| F|  |TAMS 0x0000000708a00000, 0x0000000708a00000| Untracked 
| 117|0x0000000708b00000, 0x0000000708b00000, 0x0000000708c00000|  0%| F|  |TAMS 0x0000000708b00000, 0x0000000708b00000| Untracked 
| 118|0x0000000708c00000, 0x0000000708c00000, 0x0000000708d00000|  0%| F|  |TAMS 0x0000000708c00000, 0x0000000708c00000| Untracked 
| 119|0x0000000708d00000, 0x0000000708d00000, 0x0000000708e00000|  0%| F|  |TAMS 0x0000000708d00000, 0x0000000708d00000| Untracked 
| 120|0x0000000708e00000, 0x0000000708e00000, 0x0000000708f00000|  0%| F|  |TAMS 0x0000000708e00000, 0x0000000708e00000| Untracked 
| 121|0x0000000708f00000, 0x0000000708f00000, 0x0000000709000000|  0%| F|  |TAMS 0x0000000708f00000, 0x0000000708f00000| Untracked 
| 122|0x0000000709000000, 0x0000000709000000, 0x0000000709100000|  0%| F|  |TAMS 0x0000000709000000, 0x0000000709000000| Untracked 
| 123|0x0000000709100000, 0x0000000709100000, 0x0000000709200000|  0%| F|  |TAMS 0x0000000709100000, 0x0000000709100000| Untracked 
| 124|0x0000000709200000, 0x0000000709200000, 0x0000000709300000|  0%| F|  |TAMS 0x0000000709200000, 0x0000000709200000| Untracked 
| 125|0x0000000709300000, 0x0000000709300000, 0x0000000709400000|  0%| F|  |TAMS 0x0000000709300000, 0x0000000709300000| Untracked 
| 126|0x0000000709400000, 0x0000000709400000, 0x0000000709500000|  0%| F|  |TAMS 0x0000000709400000, 0x0000000709400000| Untracked 
| 127|0x0000000709500000, 0x0000000709500000, 0x0000000709600000|  0%| F|  |TAMS 0x0000000709500000, 0x0000000709500000| Untracked 
| 128|0x0000000709600000, 0x0000000709600000, 0x0000000709700000|  0%| F|  |TAMS 0x0000000709600000, 0x0000000709600000| Untracked 
| 129|0x0000000709700000, 0x0000000709700000, 0x0000000709800000|  0%| F|  |TAMS 0x0000000709700000, 0x0000000709700000| Untracked 
| 130|0x0000000709800000, 0x0000000709800000, 0x0000000709900000|  0%| F|  |TAMS 0x0000000709800000, 0x0000000709800000| Untracked 
| 131|0x0000000709900000, 0x0000000709900000, 0x0000000709a00000|  0%| F|  |TAMS 0x0000000709900000, 0x0000000709900000| Untracked 
| 132|0x0000000709a00000, 0x0000000709a5a938, 0x0000000709b00000| 35%| S|CS|TAMS 0x0000000709a00000, 0x0000000709a00000| Complete 
| 133|0x0000000709b00000, 0x0000000709c00000, 0x0000000709c00000|100%| S|CS|TAMS 0x0000000709b00000, 0x0000000709b00000| Complete 
| 134|0x0000000709c00000, 0x0000000709d00000, 0x0000000709d00000|100%| S|CS|TAMS 0x0000000709c00000, 0x0000000709c00000| Complete 
| 135|0x0000000709d00000, 0x0000000709e00000, 0x0000000709e00000|100%| S|CS|TAMS 0x0000000709d00000, 0x0000000709d00000| Complete 
| 136|0x0000000709e00000, 0x0000000709f00000, 0x0000000709f00000|100%| S|CS|TAMS 0x0000000709e00000, 0x0000000709e00000| Complete 
| 137|0x0000000709f00000, 0x000000070a000000, 0x000000070a000000|100%| S|CS|TAMS 0x0000000709f00000, 0x0000000709f00000| Complete 
| 138|0x000000070a000000, 0x000000070a100000, 0x000000070a100000|100%| S|CS|TAMS 0x000000070a000000, 0x000000070a000000| Complete 
| 139|0x000000070a100000, 0x000000070a200000, 0x000000070a200000|100%| S|CS|TAMS 0x000000070a100000, 0x000000070a100000| Complete 
| 140|0x000000070a200000, 0x000000070a300000, 0x000000070a300000|100%| S|CS|TAMS 0x000000070a200000, 0x000000070a200000| Complete 
| 141|0x000000070a300000, 0x000000070a400000, 0x000000070a400000|100%| S|CS|TAMS 0x000000070a300000, 0x000000070a300000| Complete 
| 142|0x000000070a400000, 0x000000070a500000, 0x000000070a500000|100%| S|CS|TAMS 0x000000070a400000, 0x000000070a400000| Complete 
| 143|0x000000070a500000, 0x000000070a600000, 0x000000070a600000|100%| S|CS|TAMS 0x000000070a500000, 0x000000070a500000| Complete 
| 144|0x000000070a600000, 0x000000070a700000, 0x000000070a700000|100%| S|CS|TAMS 0x000000070a600000, 0x000000070a600000| Complete 
| 145|0x000000070a700000, 0x000000070a800000, 0x000000070a800000|100%| S|CS|TAMS 0x000000070a700000, 0x000000070a700000| Complete 
| 146|0x000000070a800000, 0x000000070a900000, 0x000000070a900000|100%| S|CS|TAMS 0x000000070a800000, 0x000000070a800000| Complete 
| 147|0x000000070a900000, 0x000000070a900000, 0x000000070aa00000|  0%| F|  |TAMS 0x000000070a900000, 0x000000070a900000| Untracked 
| 148|0x000000070aa00000, 0x000000070aa00000, 0x000000070ab00000|  0%| F|  |TAMS 0x000000070aa00000, 0x000000070aa00000| Untracked 
| 149|0x000000070ab00000, 0x000000070ab00000, 0x000000070ac00000|  0%| F|  |TAMS 0x000000070ab00000, 0x000000070ab00000| Untracked 
| 150|0x000000070ac00000, 0x000000070ac00000, 0x000000070ad00000|  0%| F|  |TAMS 0x000000070ac00000, 0x000000070ac00000| Untracked 
| 151|0x000000070ad00000, 0x000000070ad00000, 0x000000070ae00000|  0%| F|  |TAMS 0x000000070ad00000, 0x000000070ad00000| Untracked 
| 152|0x000000070ae00000, 0x000000070ae00000, 0x000000070af00000|  0%| F|  |TAMS 0x000000070ae00000, 0x000000070ae00000| Untracked 
| 153|0x000000070af00000, 0x000000070af00000, 0x000000070b000000|  0%| F|  |TAMS 0x000000070af00000, 0x000000070af00000| Untracked 
| 154|0x000000070b000000, 0x000000070b000000, 0x000000070b100000|  0%| F|  |TAMS 0x000000070b000000, 0x000000070b000000| Untracked 
| 155|0x000000070b100000, 0x000000070b100000, 0x000000070b200000|  0%| F|  |TAMS 0x000000070b100000, 0x000000070b100000| Untracked 
| 156|0x000000070b200000, 0x000000070b200000, 0x000000070b300000|  0%| F|  |TAMS 0x000000070b200000, 0x000000070b200000| Untracked 
| 157|0x000000070b300000, 0x000000070b300000, 0x000000070b400000|  0%| F|  |TAMS 0x000000070b300000, 0x000000070b300000| Untracked 
| 158|0x000000070b400000, 0x000000070b400000, 0x000000070b500000|  0%| F|  |TAMS 0x000000070b400000, 0x000000070b400000| Untracked 
| 159|0x000000070b500000, 0x000000070b500000, 0x000000070b600000|  0%| F|  |TAMS 0x000000070b500000, 0x000000070b500000| Untracked 
| 160|0x000000070b600000, 0x000000070b600000, 0x000000070b700000|  0%| F|  |TAMS 0x000000070b600000, 0x000000070b600000| Untracked 
| 161|0x000000070b700000, 0x000000070b700000, 0x000000070b800000|  0%| F|  |TAMS 0x000000070b700000, 0x000000070b700000| Untracked 
| 162|0x000000070b800000, 0x000000070b800000, 0x000000070b900000|  0%| F|  |TAMS 0x000000070b800000, 0x000000070b800000| Untracked 
| 163|0x000000070b900000, 0x000000070b900000, 0x000000070ba00000|  0%| F|  |TAMS 0x000000070b900000, 0x000000070b900000| Untracked 
| 164|0x000000070ba00000, 0x000000070ba00000, 0x000000070bb00000|  0%| F|  |TAMS 0x000000070ba00000, 0x000000070ba00000| Untracked 
| 165|0x000000070bb00000, 0x000000070bb00000, 0x000000070bc00000|  0%| F|  |TAMS 0x000000070bb00000, 0x000000070bb00000| Untracked 
| 166|0x000000070bc00000, 0x000000070bc00000, 0x000000070bd00000|  0%| F|  |TAMS 0x000000070bc00000, 0x000000070bc00000| Untracked 
| 167|0x000000070bd00000, 0x000000070bd00000, 0x000000070be00000|  0%| F|  |TAMS 0x000000070bd00000, 0x000000070bd00000| Untracked 
| 168|0x000000070be00000, 0x000000070be00000, 0x000000070bf00000|  0%| F|  |TAMS 0x000000070be00000, 0x000000070be00000| Untracked 
| 169|0x000000070bf00000, 0x000000070bf00000, 0x000000070c000000|  0%| F|  |TAMS 0x000000070bf00000, 0x000000070bf00000| Untracked 
| 170|0x000000070c000000, 0x000000070c000000, 0x000000070c100000|  0%| F|  |TAMS 0x000000070c000000, 0x000000070c000000| Untracked 
| 171|0x000000070c100000, 0x000000070c100000, 0x000000070c200000|  0%| F|  |TAMS 0x000000070c100000, 0x000000070c100000| Untracked 
| 172|0x000000070c200000, 0x000000070c200000, 0x000000070c300000|  0%| F|  |TAMS 0x000000070c200000, 0x000000070c200000| Untracked 
| 173|0x000000070c300000, 0x000000070c300000, 0x000000070c400000|  0%| F|  |TAMS 0x000000070c300000, 0x000000070c300000| Untracked 
| 174|0x000000070c400000, 0x000000070c400000, 0x000000070c500000|  0%| F|  |TAMS 0x000000070c400000, 0x000000070c400000| Untracked 
| 175|0x000000070c500000, 0x000000070c500000, 0x000000070c600000|  0%| F|  |TAMS 0x000000070c500000, 0x000000070c500000| Untracked 
| 176|0x000000070c600000, 0x000000070c600000, 0x000000070c700000|  0%| F|  |TAMS 0x000000070c600000, 0x000000070c600000| Untracked 
| 177|0x000000070c700000, 0x000000070c700000, 0x000000070c800000|  0%| F|  |TAMS 0x000000070c700000, 0x000000070c700000| Untracked 
| 178|0x000000070c800000, 0x000000070c800000, 0x000000070c900000|  0%| F|  |TAMS 0x000000070c800000, 0x000000070c800000| Untracked 
| 179|0x000000070c900000, 0x000000070c900000, 0x000000070ca00000|  0%| F|  |TAMS 0x000000070c900000, 0x000000070c900000| Untracked 
| 180|0x000000070ca00000, 0x000000070ca00000, 0x000000070cb00000|  0%| F|  |TAMS 0x000000070ca00000, 0x000000070ca00000| Untracked 
| 181|0x000000070cb00000, 0x000000070cb00000, 0x000000070cc00000|  0%| F|  |TAMS 0x000000070cb00000, 0x000000070cb00000| Untracked 
| 182|0x000000070cc00000, 0x000000070cc00000, 0x000000070cd00000|  0%| F|  |TAMS 0x000000070cc00000, 0x000000070cc00000| Untracked 
| 183|0x000000070cd00000, 0x000000070cd00000, 0x000000070ce00000|  0%| F|  |TAMS 0x000000070cd00000, 0x000000070cd00000| Untracked 
| 184|0x000000070ce00000, 0x000000070ce00000, 0x000000070cf00000|  0%| F|  |TAMS 0x000000070ce00000, 0x000000070ce00000| Untracked 
| 185|0x000000070cf00000, 0x000000070cf00000, 0x000000070d000000|  0%| F|  |TAMS 0x000000070cf00000, 0x000000070cf00000| Untracked 
| 186|0x000000070d000000, 0x000000070d000000, 0x000000070d100000|  0%| F|  |TAMS 0x000000070d000000, 0x000000070d000000| Untracked 
| 187|0x000000070d100000, 0x000000070d100000, 0x000000070d200000|  0%| F|  |TAMS 0x000000070d100000, 0x000000070d100000| Untracked 
| 188|0x000000070d200000, 0x000000070d200000, 0x000000070d300000|  0%| F|  |TAMS 0x000000070d200000, 0x000000070d200000| Untracked 
| 189|0x000000070d300000, 0x000000070d300000, 0x000000070d400000|  0%| F|  |TAMS 0x000000070d300000, 0x000000070d300000| Untracked 
| 190|0x000000070d400000, 0x000000070d400000, 0x000000070d500000|  0%| F|  |TAMS 0x000000070d400000, 0x000000070d400000| Untracked 
| 191|0x000000070d500000, 0x000000070d500000, 0x000000070d600000|  0%| F|  |TAMS 0x000000070d500000, 0x000000070d500000| Untracked 
| 192|0x000000070d600000, 0x000000070d600000, 0x000000070d700000|  0%| F|  |TAMS 0x000000070d600000, 0x000000070d600000| Untracked 
| 193|0x000000070d700000, 0x000000070d700000, 0x000000070d800000|  0%| F|  |TAMS 0x000000070d700000, 0x000000070d700000| Untracked 
| 194|0x000000070d800000, 0x000000070d800000, 0x000000070d900000|  0%| F|  |TAMS 0x000000070d800000, 0x000000070d800000| Untracked 
| 195|0x000000070d900000, 0x000000070d900000, 0x000000070da00000|  0%| F|  |TAMS 0x000000070d900000, 0x000000070d900000| Untracked 
| 196|0x000000070da00000, 0x000000070da00000, 0x000000070db00000|  0%| F|  |TAMS 0x000000070da00000, 0x000000070da00000| Untracked 
| 197|0x000000070db00000, 0x000000070db00000, 0x000000070dc00000|  0%| F|  |TAMS 0x000000070db00000, 0x000000070db00000| Untracked 
| 198|0x000000070dc00000, 0x000000070dc00000, 0x000000070dd00000|  0%| F|  |TAMS 0x000000070dc00000, 0x000000070dc00000| Untracked 
| 199|0x000000070dd00000, 0x000000070dd00000, 0x000000070de00000|  0%| F|  |TAMS 0x000000070dd00000, 0x000000070dd00000| Untracked 
| 200|0x000000070de00000, 0x000000070de00000, 0x000000070df00000|  0%| F|  |TAMS 0x000000070de00000, 0x000000070de00000| Untracked 
| 201|0x000000070df00000, 0x000000070df00000, 0x000000070e000000|  0%| F|  |TAMS 0x000000070df00000, 0x000000070df00000| Untracked 
| 202|0x000000070e000000, 0x000000070e000000, 0x000000070e100000|  0%| F|  |TAMS 0x000000070e000000, 0x000000070e000000| Untracked 
| 203|0x000000070e100000, 0x000000070e100000, 0x000000070e200000|  0%| F|  |TAMS 0x000000070e100000, 0x000000070e100000| Untracked 
| 204|0x000000070e200000, 0x000000070e200000, 0x000000070e300000|  0%| F|  |TAMS 0x000000070e200000, 0x000000070e200000| Untracked 
| 205|0x000000070e300000, 0x000000070e300000, 0x000000070e400000|  0%| F|  |TAMS 0x000000070e300000, 0x000000070e300000| Untracked 
| 206|0x000000070e400000, 0x000000070e400000, 0x000000070e500000|  0%| F|  |TAMS 0x000000070e400000, 0x000000070e400000| Untracked 
| 207|0x000000070e500000, 0x000000070e500000, 0x000000070e600000|  0%| F|  |TAMS 0x000000070e500000, 0x000000070e500000| Untracked 
| 208|0x000000070e600000, 0x000000070e600000, 0x000000070e700000|  0%| F|  |TAMS 0x000000070e600000, 0x000000070e600000| Untracked 
| 209|0x000000070e700000, 0x000000070e700000, 0x000000070e800000|  0%| F|  |TAMS 0x000000070e700000, 0x000000070e700000| Untracked 
| 210|0x000000070e800000, 0x000000070e800000, 0x000000070e900000|  0%| F|  |TAMS 0x000000070e800000, 0x000000070e800000| Untracked 
| 211|0x000000070e900000, 0x000000070e900000, 0x000000070ea00000|  0%| F|  |TAMS 0x000000070e900000, 0x000000070e900000| Untracked 
| 212|0x000000070ea00000, 0x000000070ea00000, 0x000000070eb00000|  0%| F|  |TAMS 0x000000070ea00000, 0x000000070ea00000| Untracked 
| 213|0x000000070eb00000, 0x000000070eb00000, 0x000000070ec00000|  0%| F|  |TAMS 0x000000070eb00000, 0x000000070eb00000| Untracked 
| 214|0x000000070ec00000, 0x000000070ec00000, 0x000000070ed00000|  0%| F|  |TAMS 0x000000070ec00000, 0x000000070ec00000| Untracked 
| 215|0x000000070ed00000, 0x000000070ed00000, 0x000000070ee00000|  0%| F|  |TAMS 0x000000070ed00000, 0x000000070ed00000| Untracked 
| 216|0x000000070ee00000, 0x000000070ee00000, 0x000000070ef00000|  0%| F|  |TAMS 0x000000070ee00000, 0x000000070ee00000| Untracked 
| 217|0x000000070ef00000, 0x000000070ef00000, 0x000000070f000000|  0%| F|  |TAMS 0x000000070ef00000, 0x000000070ef00000| Untracked 
| 218|0x000000070f000000, 0x000000070f000000, 0x000000070f100000|  0%| F|  |TAMS 0x000000070f000000, 0x000000070f000000| Untracked 
| 219|0x000000070f100000, 0x000000070f100000, 0x000000070f200000|  0%| F|  |TAMS 0x000000070f100000, 0x000000070f100000| Untracked 
| 220|0x000000070f200000, 0x000000070f200000, 0x000000070f300000|  0%| F|  |TAMS 0x000000070f200000, 0x000000070f200000| Untracked 
| 221|0x000000070f300000, 0x000000070f300000, 0x000000070f400000|  0%| F|  |TAMS 0x000000070f300000, 0x000000070f300000| Untracked 
| 222|0x000000070f400000, 0x000000070f400000, 0x000000070f500000|  0%| F|  |TAMS 0x000000070f400000, 0x000000070f400000| Untracked 
| 223|0x000000070f500000, 0x000000070f500000, 0x000000070f600000|  0%| F|  |TAMS 0x000000070f500000, 0x000000070f500000| Untracked 
| 224|0x000000070f600000, 0x000000070f600000, 0x000000070f700000|  0%| F|  |TAMS 0x000000070f600000, 0x000000070f600000| Untracked 
| 225|0x000000070f700000, 0x000000070f700000, 0x000000070f800000|  0%| F|  |TAMS 0x000000070f700000, 0x000000070f700000| Untracked 
| 226|0x000000070f800000, 0x000000070f800000, 0x000000070f900000|  0%| F|  |TAMS 0x000000070f800000, 0x000000070f800000| Untracked 
| 227|0x000000070f900000, 0x000000070f900000, 0x000000070fa00000|  0%| F|  |TAMS 0x000000070f900000, 0x000000070f900000| Untracked 
| 228|0x000000070fa00000, 0x000000070fa00000, 0x000000070fb00000|  0%| F|  |TAMS 0x000000070fa00000, 0x000000070fa00000| Untracked 
| 229|0x000000070fb00000, 0x000000070fb00000, 0x000000070fc00000|  0%| F|  |TAMS 0x000000070fb00000, 0x000000070fb00000| Untracked 
| 230|0x000000070fc00000, 0x000000070fc00000, 0x000000070fd00000|  0%| F|  |TAMS 0x000000070fc00000, 0x000000070fc00000| Untracked 
| 231|0x000000070fd00000, 0x000000070fd00000, 0x000000070fe00000|  0%| F|  |TAMS 0x000000070fd00000, 0x000000070fd00000| Untracked 
| 232|0x000000070fe00000, 0x000000070fe00000, 0x000000070ff00000|  0%| F|  |TAMS 0x000000070fe00000, 0x000000070fe00000| Untracked 
| 233|0x000000070ff00000, 0x000000070ff00000, 0x0000000710000000|  0%| F|  |TAMS 0x000000070ff00000, 0x000000070ff00000| Untracked 
| 234|0x0000000710000000, 0x0000000710000000, 0x0000000710100000|  0%| F|  |TAMS 0x0000000710000000, 0x0000000710000000| Untracked 
| 235|0x0000000710100000, 0x0000000710100000, 0x0000000710200000|  0%| F|  |TAMS 0x0000000710100000, 0x0000000710100000| Untracked 
| 236|0x0000000710200000, 0x0000000710200000, 0x0000000710300000|  0%| F|  |TAMS 0x0000000710200000, 0x0000000710200000| Untracked 
| 237|0x0000000710300000, 0x0000000710300000, 0x0000000710400000|  0%| F|  |TAMS 0x0000000710300000, 0x0000000710300000| Untracked 
| 238|0x0000000710400000, 0x0000000710400000, 0x0000000710500000|  0%| F|  |TAMS 0x0000000710400000, 0x0000000710400000| Untracked 
| 239|0x0000000710500000, 0x0000000710500000, 0x0000000710600000|  0%| F|  |TAMS 0x0000000710500000, 0x0000000710500000| Untracked 
| 240|0x0000000710600000, 0x0000000710600000, 0x0000000710700000|  0%| F|  |TAMS 0x0000000710600000, 0x0000000710600000| Untracked 
| 241|0x0000000710700000, 0x0000000710700000, 0x0000000710800000|  0%| F|  |TAMS 0x0000000710700000, 0x0000000710700000| Untracked 
| 242|0x0000000710800000, 0x0000000710800000, 0x0000000710900000|  0%| F|  |TAMS 0x0000000710800000, 0x0000000710800000| Untracked 
| 243|0x0000000710900000, 0x0000000710900000, 0x0000000710a00000|  0%| F|  |TAMS 0x0000000710900000, 0x0000000710900000| Untracked 
| 244|0x0000000710a00000, 0x0000000710a00000, 0x0000000710b00000|  0%| F|  |TAMS 0x0000000710a00000, 0x0000000710a00000| Untracked 
| 245|0x0000000710b00000, 0x0000000710b00000, 0x0000000710c00000|  0%| F|  |TAMS 0x0000000710b00000, 0x0000000710b00000| Untracked 
| 246|0x0000000710c00000, 0x0000000710c00000, 0x0000000710d00000|  0%| F|  |TAMS 0x0000000710c00000, 0x0000000710c00000| Untracked 
| 247|0x0000000710d00000, 0x0000000710d00000, 0x0000000710e00000|  0%| F|  |TAMS 0x0000000710d00000, 0x0000000710d00000| Untracked 
| 248|0x0000000710e00000, 0x0000000710e00000, 0x0000000710f00000|  0%| F|  |TAMS 0x0000000710e00000, 0x0000000710e00000| Untracked 
| 249|0x0000000710f00000, 0x0000000710f00000, 0x0000000711000000|  0%| F|  |TAMS 0x0000000710f00000, 0x0000000710f00000| Untracked 
| 250|0x0000000711000000, 0x0000000711000000, 0x0000000711100000|  0%| F|  |TAMS 0x0000000711000000, 0x0000000711000000| Untracked 
| 251|0x0000000711100000, 0x0000000711100000, 0x0000000711200000|  0%| F|  |TAMS 0x0000000711100000, 0x0000000711100000| Untracked 
| 252|0x0000000711200000, 0x0000000711200000, 0x0000000711300000|  0%| F|  |TAMS 0x0000000711200000, 0x0000000711200000| Untracked 
| 253|0x0000000711300000, 0x0000000711300000, 0x0000000711400000|  0%| F|  |TAMS 0x0000000711300000, 0x0000000711300000| Untracked 
| 254|0x0000000711400000, 0x0000000711400000, 0x0000000711500000|  0%| F|  |TAMS 0x0000000711400000, 0x0000000711400000| Untracked 
| 255|0x0000000711500000, 0x0000000711500000, 0x0000000711600000|  0%| F|  |TAMS 0x0000000711500000, 0x0000000711500000| Untracked 
| 256|0x0000000711600000, 0x0000000711600000, 0x0000000711700000|  0%| F|  |TAMS 0x0000000711600000, 0x0000000711600000| Untracked 
| 257|0x0000000711700000, 0x0000000711700000, 0x0000000711800000|  0%| F|  |TAMS 0x0000000711700000, 0x0000000711700000| Untracked 
| 258|0x0000000711800000, 0x0000000711800000, 0x0000000711900000|  0%| F|  |TAMS 0x0000000711800000, 0x0000000711800000| Untracked 
| 259|0x0000000711900000, 0x0000000711900000, 0x0000000711a00000|  0%| F|  |TAMS 0x0000000711900000, 0x0000000711900000| Untracked 
| 260|0x0000000711a00000, 0x0000000711a00000, 0x0000000711b00000|  0%| F|  |TAMS 0x0000000711a00000, 0x0000000711a00000| Untracked 
| 261|0x0000000711b00000, 0x0000000711b00000, 0x0000000711c00000|  0%| F|  |TAMS 0x0000000711b00000, 0x0000000711b00000| Untracked 
| 262|0x0000000711c00000, 0x0000000711c00000, 0x0000000711d00000|  0%| F|  |TAMS 0x0000000711c00000, 0x0000000711c00000| Untracked 
| 263|0x0000000711d00000, 0x0000000711d00000, 0x0000000711e00000|  0%| F|  |TAMS 0x0000000711d00000, 0x0000000711d00000| Untracked 
| 264|0x0000000711e00000, 0x0000000711e00000, 0x0000000711f00000|  0%| F|  |TAMS 0x0000000711e00000, 0x0000000711e00000| Untracked 
| 265|0x0000000711f00000, 0x0000000711f00000, 0x0000000712000000|  0%| F|  |TAMS 0x0000000711f00000, 0x0000000711f00000| Untracked 
| 266|0x0000000712000000, 0x0000000712000000, 0x0000000712100000|  0%| F|  |TAMS 0x0000000712000000, 0x0000000712000000| Untracked 
| 267|0x0000000712100000, 0x0000000712100000, 0x0000000712200000|  0%| F|  |TAMS 0x0000000712100000, 0x0000000712100000| Untracked 
| 268|0x0000000712200000, 0x0000000712200000, 0x0000000712300000|  0%| F|  |TAMS 0x0000000712200000, 0x0000000712200000| Untracked 
| 269|0x0000000712300000, 0x0000000712300000, 0x0000000712400000|  0%| F|  |TAMS 0x0000000712300000, 0x0000000712300000| Untracked 
| 270|0x0000000712400000, 0x0000000712400000, 0x0000000712500000|  0%| F|  |TAMS 0x0000000712400000, 0x0000000712400000| Untracked 
| 271|0x0000000712500000, 0x0000000712500000, 0x0000000712600000|  0%| F|  |TAMS 0x0000000712500000, 0x0000000712500000| Untracked 
| 272|0x0000000712600000, 0x0000000712600000, 0x0000000712700000|  0%| F|  |TAMS 0x0000000712600000, 0x0000000712600000| Untracked 
| 273|0x0000000712700000, 0x0000000712700000, 0x0000000712800000|  0%| F|  |TAMS 0x0000000712700000, 0x0000000712700000| Untracked 
| 274|0x0000000712800000, 0x0000000712800000, 0x0000000712900000|  0%| F|  |TAMS 0x0000000712800000, 0x0000000712800000| Untracked 
| 275|0x0000000712900000, 0x0000000712900000, 0x0000000712a00000|  0%| F|  |TAMS 0x0000000712900000, 0x0000000712900000| Untracked 
| 276|0x0000000712a00000, 0x0000000712a00000, 0x0000000712b00000|  0%| F|  |TAMS 0x0000000712a00000, 0x0000000712a00000| Untracked 
| 277|0x0000000712b00000, 0x0000000712b00000, 0x0000000712c00000|  0%| F|  |TAMS 0x0000000712b00000, 0x0000000712b00000| Untracked 
| 278|0x0000000712c00000, 0x0000000712c00000, 0x0000000712d00000|  0%| F|  |TAMS 0x0000000712c00000, 0x0000000712c00000| Untracked 
| 279|0x0000000712d00000, 0x0000000712d00000, 0x0000000712e00000|  0%| F|  |TAMS 0x0000000712d00000, 0x0000000712d00000| Untracked 
| 280|0x0000000712e00000, 0x0000000712e00000, 0x0000000712f00000|  0%| F|  |TAMS 0x0000000712e00000, 0x0000000712e00000| Untracked 
| 281|0x0000000712f00000, 0x0000000712f00000, 0x0000000713000000|  0%| F|  |TAMS 0x0000000712f00000, 0x0000000712f00000| Untracked 
| 282|0x0000000713000000, 0x0000000713000000, 0x0000000713100000|  0%| F|  |TAMS 0x0000000713000000, 0x0000000713000000| Untracked 
| 283|0x0000000713100000, 0x0000000713100000, 0x0000000713200000|  0%| F|  |TAMS 0x0000000713100000, 0x0000000713100000| Untracked 
| 284|0x0000000713200000, 0x0000000713200000, 0x0000000713300000|  0%| F|  |TAMS 0x0000000713200000, 0x0000000713200000| Untracked 
| 285|0x0000000713300000, 0x0000000713300000, 0x0000000713400000|  0%| F|  |TAMS 0x0000000713300000, 0x0000000713300000| Untracked 
| 286|0x0000000713400000, 0x0000000713400000, 0x0000000713500000|  0%| F|  |TAMS 0x0000000713400000, 0x0000000713400000| Untracked 
| 287|0x0000000713500000, 0x0000000713500000, 0x0000000713600000|  0%| F|  |TAMS 0x0000000713500000, 0x0000000713500000| Untracked 
| 288|0x0000000713600000, 0x0000000713600000, 0x0000000713700000|  0%| F|  |TAMS 0x0000000713600000, 0x0000000713600000| Untracked 
| 289|0x0000000713700000, 0x0000000713700000, 0x0000000713800000|  0%| F|  |TAMS 0x0000000713700000, 0x0000000713700000| Untracked 
| 290|0x0000000713800000, 0x0000000713800000, 0x0000000713900000|  0%| F|  |TAMS 0x0000000713800000, 0x0000000713800000| Untracked 
| 291|0x0000000713900000, 0x0000000713900000, 0x0000000713a00000|  0%| F|  |TAMS 0x0000000713900000, 0x0000000713900000| Untracked 
| 292|0x0000000713a00000, 0x0000000713a00000, 0x0000000713b00000|  0%| F|  |TAMS 0x0000000713a00000, 0x0000000713a00000| Untracked 
| 293|0x0000000713b00000, 0x0000000713b00000, 0x0000000713c00000|  0%| F|  |TAMS 0x0000000713b00000, 0x0000000713b00000| Untracked 
| 294|0x0000000713c00000, 0x0000000713c00000, 0x0000000713d00000|  0%| F|  |TAMS 0x0000000713c00000, 0x0000000713c00000| Untracked 
| 295|0x0000000713d00000, 0x0000000713d00000, 0x0000000713e00000|  0%| F|  |TAMS 0x0000000713d00000, 0x0000000713d00000| Untracked 
| 296|0x0000000713e00000, 0x0000000713e00000, 0x0000000713f00000|  0%| F|  |TAMS 0x0000000713e00000, 0x0000000713e00000| Untracked 
| 297|0x0000000713f00000, 0x0000000713f00000, 0x0000000714000000|  0%| F|  |TAMS 0x0000000713f00000, 0x0000000713f00000| Untracked 
| 298|0x0000000714000000, 0x0000000714000000, 0x0000000714100000|  0%| F|  |TAMS 0x0000000714000000, 0x0000000714000000| Untracked 
| 299|0x0000000714100000, 0x0000000714100000, 0x0000000714200000|  0%| F|  |TAMS 0x0000000714100000, 0x0000000714100000| Untracked 
| 300|0x0000000714200000, 0x0000000714200000, 0x0000000714300000|  0%| F|  |TAMS 0x0000000714200000, 0x0000000714200000| Untracked 
| 301|0x0000000714300000, 0x0000000714300000, 0x0000000714400000|  0%| F|  |TAMS 0x0000000714300000, 0x0000000714300000| Untracked 
| 302|0x0000000714400000, 0x0000000714400000, 0x0000000714500000|  0%| F|  |TAMS 0x0000000714400000, 0x0000000714400000| Untracked 
| 303|0x0000000714500000, 0x0000000714500000, 0x0000000714600000|  0%| F|  |TAMS 0x0000000714500000, 0x0000000714500000| Untracked 
| 304|0x0000000714600000, 0x0000000714600000, 0x0000000714700000|  0%| F|  |TAMS 0x0000000714600000, 0x0000000714600000| Untracked 
| 305|0x0000000714700000, 0x0000000714700000, 0x0000000714800000|  0%| F|  |TAMS 0x0000000714700000, 0x0000000714700000| Untracked 
| 306|0x0000000714800000, 0x0000000714800000, 0x0000000714900000|  0%| F|  |TAMS 0x0000000714800000, 0x0000000714800000| Untracked 
| 307|0x0000000714900000, 0x0000000714900000, 0x0000000714a00000|  0%| F|  |TAMS 0x0000000714900000, 0x0000000714900000| Untracked 
| 308|0x0000000714a00000, 0x0000000714a00000, 0x0000000714b00000|  0%| F|  |TAMS 0x0000000714a00000, 0x0000000714a00000| Untracked 
| 309|0x0000000714b00000, 0x0000000714b00000, 0x0000000714c00000|  0%| F|  |TAMS 0x0000000714b00000, 0x0000000714b00000| Untracked 
| 310|0x0000000714c00000, 0x0000000714c00000, 0x0000000714d00000|  0%| F|  |TAMS 0x0000000714c00000, 0x0000000714c00000| Untracked 
| 311|0x0000000714d00000, 0x0000000714df4940, 0x0000000714e00000| 95%| E|  |TAMS 0x0000000714d00000, 0x0000000714d00000| Complete 

Card table byte_map: [0x0000025c1dd10000,0x0000025c1e510000] _byte_map_base: 0x0000025c1a505000

Marking Bits (Prev, Next): (CMBitMap*) 0x0000025c06177098, (CMBitMap*) 0x0000025c061770d0
 Prev Bits: [0x0000025c1ed10000, 0x0000025c22cb8000)
 Next Bits: [0x0000025c22cc0000, 0x0000025c26c68000)

Polling page: 0x0000025c03fc0000

Metaspace:

Usage:
  Non-class:     51.14 MB capacity,    50.28 MB ( 98%) used,   699.80 KB (  1%) free+waste,   180.56 KB ( <1%) overhead. 
      Class:      7.85 MB capacity,     7.28 MB ( 93%) used,   495.16 KB (  6%) free+waste,    84.06 KB (  1%) overhead. 
       Both:     58.99 MB capacity,    57.57 MB ( 98%) used,     1.17 MB (  2%) free+waste,   264.63 KB ( <1%) overhead. 

Virtual space:
  Non-class space:       52.00 MB reserved,      51.20 MB ( 98%) committed 
      Class space:        1.00 GB reserved,       7.88 MB ( <1%) committed 
             Both:        1.05 GB reserved,      59.08 MB (  5%) committed 

Chunk freelists:
   Non-Class:  3.63 KB
       Class:  3.38 KB
        Both:  7.00 KB

CodeHeap 'non-profiled nmethods': size=120064Kb used=2751Kb max_used=2751Kb free=117312Kb
 bounds [0x0000025c15fd0000, 0x0000025c16280000, 0x0000025c1d510000]
CodeHeap 'profiled nmethods': size=120000Kb used=10339Kb max_used=10452Kb free=109660Kb
 bounds [0x0000025c0eaa0000, 0x0000025c0f4e0000, 0x0000025c15fd0000]
CodeHeap 'non-nmethods': size=5696Kb used=1207Kb max_used=1256Kb free=4488Kb
 bounds [0x0000025c0e510000, 0x0000025c0e780000, 0x0000025c0eaa0000]
 total_blobs=6261 nmethods=4486 adapters=464
 compilation: enabled
              stopped_count=0, restarted_count=0
 full_count=0

Compilation events (10 events):
Event: 8.501 Thread 0x0000025c29a86800 nmethod 4582 0x0000025c0ead3090 code [0x0000025c0ead32a0, 0x0000025c0ead3b70]
Event: 8.501 Thread 0x0000025c29a86800 4583       3       org.springframework.core.annotation.AnnotationAwareOrderComparator::findOrder (18 bytes)
Event: 8.501 Thread 0x0000025c29a86800 nmethod 4583 0x0000025c0eabf690 code [0x0000025c0eabf880, 0x0000025c0eabfe70]
Event: 8.503 Thread 0x0000025c29a86800 4585       3       org.springframework.boot.web.servlet.context.WebApplicationContextServletContextAwareProcessor::getServletConfig (23 bytes)
Event: 8.503 Thread 0x0000025c29a86800 nmethod 4585 0x0000025c0eac3110 code [0x0000025c0eac32c0, 0x0000025c0eac3570]
Event: 8.504 Thread 0x0000025c2f9d6800 4584   !   4       java.lang.reflect.Executable::declaredAnnotations (85 bytes)
Event: 8.515 Thread 0x0000025c29a86800 4586       3       java.util.regex.Pattern::closure (365 bytes)
Event: 8.517 Thread 0x0000025c29a86800 nmethod 4586 0x0000025c0eb4a990 code [0x0000025c0eb4aee0, 0x0000025c0eb4df50]
Event: 8.519 Thread 0x0000025c29a86800 4587   !   3       com.sun.proxy.$Proxy8::attribute (29 bytes)
Event: 8.519 Thread 0x0000025c29a86800 nmethod 4587 0x0000025c0ead2890 code [0x0000025c0ead2a60, 0x0000025c0ead2ee0]

GC Heap History (10 events):
Event: 0.679 GC heap before
{Heap before GC invocations=1 (full 0):
 garbage-first heap   total 262144K, used 49638K [0x0000000701600000, 0x0000000800000000)
  region size 1024K, 46 young (47104K), 2 survivors (2048K)
 Metaspace       used 11662K, capacity 11861K, committed 12032K, reserved 1060864K
  class space    used 1119K, capacity 1187K, committed 1280K, reserved 1048576K
}
Event: 0.681 GC heap after
{Heap after GC invocations=2 (full 0):
 garbage-first heap   total 262144K, used 5889K [0x0000000701600000, 0x0000000800000000)
  region size 1024K, 3 young (3072K), 3 survivors (3072K)
 Metaspace       used 11662K, capacity 11861K, committed 12032K, reserved 1060864K
  class space    used 1119K, capacity 1187K, committed 1280K, reserved 1048576K
}
Event: 1.146 GC heap before
{Heap before GC invocations=2 (full 0):
 garbage-first heap   total 262144K, used 40705K [0x0000000701600000, 0x0000000800000000)
  region size 1024K, 38 young (38912K), 3 survivors (3072K)
 Metaspace       used 20763K, capacity 21186K, committed 21296K, reserved 1069056K
  class space    used 2225K, capacity 2402K, committed 2432K, reserved 1048576K
}
Event: 1.150 GC heap after
{Heap after GC invocations=3 (full 0):
 garbage-first heap   total 262144K, used 7821K [0x0000000701600000, 0x0000000800000000)
  region size 1024K, 5 young (5120K), 5 survivors (5120K)
 Metaspace       used 20763K, capacity 21186K, committed 21296K, reserved 1069056K
  class space    used 2225K, capacity 2402K, committed 2432K, reserved 1048576K
}
Event: 1.509 GC heap before
{Heap before GC invocations=4 (full 0):
 garbage-first heap   total 262144K, used 61069K [0x0000000701600000, 0x0000000800000000)
  region size 1024K, 58 young (59392K), 5 survivors (5120K)
 Metaspace       used 24207K, capacity 24792K, committed 24880K, reserved 1071104K
  class space    used 2674K, capacity 2898K, committed 2944K, reserved 1048576K
}
Event: 1.515 GC heap after
{Heap after GC invocations=5 (full 0):
 garbage-first heap   total 262144K, used 8930K [0x0000000701600000, 0x0000000800000000)
  region size 1024K, 4 young (4096K), 4 survivors (4096K)
 Metaspace       used 24207K, capacity 24792K, committed 24880K, reserved 1071104K
  class space    used 2674K, capacity 2898K, committed 2944K, reserved 1048576K
}
Event: 2.851 GC heap before
{Heap before GC invocations=5 (full 0):
 garbage-first heap   total 262144K, used 160482K [0x0000000701600000, 0x0000000800000000)
  region size 1024K, 153 young (156672K), 4 survivors (4096K)
 Metaspace       used 34090K, capacity 35097K, committed 35248K, reserved 1081344K
  class space    used 3940K, capacity 4323K, committed 4352K, reserved 1048576K
}
Event: 2.858 GC heap after
{Heap after GC invocations=6 (full 0):
 garbage-first heap   total 262144K, used 13214K [0x0000000701600000, 0x0000000800000000)
  region size 1024K, 8 young (8192K), 8 survivors (8192K)
 Metaspace       used 34090K, capacity 35097K, committed 35248K, reserved 1081344K
  class space    used 3940K, capacity 4323K, committed 4352K, reserved 1048576K
}
Event: 2.948 GC heap before
{Heap before GC invocations=6 (full 0):
 garbage-first heap   total 262144K, used 76702K [0x0000000701600000, 0x0000000800000000)
  region size 1024K, 72 young (73728K), 8 survivors (8192K)
 Metaspace       used 34762K, capacity 35756K, committed 35888K, reserved 1081344K
  class space    used 4000K, capacity 4393K, committed 4480K, reserved 1048576K
}
Event: 2.955 GC heap after
{Heap after GC invocations=7 (full 0):
 garbage-first heap   total 319488K, used 13718K [0x0000000701600000, 0x0000000800000000)
  region size 1024K, 8 young (8192K), 8 survivors (8192K)
 Metaspace       used 34762K, capacity 35756K, committed 35888K, reserved 1081344K
  class space    used 4000K, capacity 4393K, committed 4480K, reserved 1048576K
}

Deoptimization events (10 events):
Event: 4.939 Thread 0x0000025c2ab61000 Uncommon trap: reason=unstable_if action=reinterpret pc=0x0000025c16061460 method=java.util.concurrent.ConcurrentHashMap.transfer([Ljava/util/concurrent/ConcurrentHashMap$Node;[Ljava/util/concurrent/ConcurrentHashMap$Node;)V @ 352 c2
Event: 4.966 Thread 0x0000025c2ab61000 Uncommon trap: reason=speculate_class_check action=maybe_recompile pc=0x0000025c162441cc method=java.lang.reflect.Executable.declaredAnnotations()Ljava/util/Map; @ 23 c2
Event: 5.016 Thread 0x0000025c2ab61000 Uncommon trap: reason=unstable_if action=reinterpret pc=0x0000025c1616b71c method=org.springframework.core.annotation.AnnotationsScanner.isWithoutHierarchy(Ljava/lang/reflect/AnnotatedElement;Lorg/springframework/core/annotation/MergedAnnotations$SearchSt
Event: 5.047 Thread 0x0000025c2ab61000 Uncommon trap: reason=unstable_if action=reinterpret pc=0x0000025c16001834 method=java.lang.AbstractStringBuilder.putStringAt(ILjava/lang/String;)V @ 8 c2
Event: 5.047 Thread 0x0000025c2ab61000 Uncommon trap: reason=unstable_if action=reinterpret pc=0x0000025c15ffd4f4 method=java.lang.String.getBytes([BIB)V @ 5 c2
Event: 5.095 Thread 0x0000025c2ab61000 Uncommon trap: reason=unstable_if action=reinterpret pc=0x0000025c16247ffc method=org.springframework.util.ConcurrentReferenceHashMap$Segment.clear()V @ 7 c2
Event: 5.098 Thread 0x0000025c2ab61000 Uncommon trap: reason=speculate_null_assert action=make_not_entrant pc=0x0000025c16093ef8 method=org.springframework.util.ConcurrentReferenceHashMap$Segment.restructureIfNecessary(Z)V @ 41 c2
Event: 8.497 Thread 0x0000025c2e936000 Uncommon trap: reason=speculate_class_check action=maybe_recompile pc=0x0000025c162441cc method=java.lang.reflect.Executable.declaredAnnotations()Ljava/util/Map; @ 23 c2
Event: 8.499 Thread 0x0000025c2e936000 Uncommon trap: reason=speculate_class_check action=maybe_recompile pc=0x0000025c162441cc method=java.lang.reflect.Executable.declaredAnnotations()Ljava/util/Map; @ 23 c2
Event: 8.500 Thread 0x0000025c2e936000 Uncommon trap: reason=speculate_class_check action=maybe_recompile pc=0x0000025c162441cc method=java.lang.reflect.Executable.declaredAnnotations()Ljava/util/Map; @ 23 c2

Classes redefined (0 events):
No events

Internal exceptions (10 events):
Event: 4.638 Thread 0x0000025c2ab61000 Exception <a 'java/lang/NoSuchMethodError'{0x000000070defe5e0}: java.lang.invoke.DirectMethodHandle$Holder.invokeSpecialIFC(Ljava/lang/Object;Ljava/lang/Object;Ljava/lang/Object;)Ljava/lang/Object;> (0x000000070defe5e0) thrown at [./open/src/hotspot/share
Event: 4.670 Thread 0x0000025c2ab61000 Exception <a 'java/lang/NoSuchMethodError'{0x000000070dc6d5f8}: java.lang.invoke.DirectMethodHandle$Holder.invokeInterface(Ljava/lang/Object;Ljava/lang/Object;Ljava/lang/Object;)Ljava/lang/Object;> (0x000000070dc6d5f8) thrown at [./open/src/hotspot/share/
Event: 4.707 Thread 0x0000025c2ab61000 Exception <a 'java/lang/ClassNotFoundException'{0x000000070d801c28}: java/lang/ObjectCustomizer> (0x000000070d801c28) thrown at [./open/src/hotspot/share/classfile/systemDictionary.cpp, line 228]
Event: 4.708 Thread 0x0000025c2ab61000 Exception <a 'java/lang/ClassNotFoundException'{0x000000070d8127b8}: com/raphael/api/ApiSybase/domain/model/PessoaCustomizer> (0x000000070d8127b8) thrown at [./open/src/hotspot/share/classfile/systemDictionary.cpp, line 228]
Event: 4.723 Thread 0x0000025c2ab61000 Exception <a 'java/lang/NoSuchMethodError'{0x000000070d71f9f8}: java.lang.invoke.DirectMethodHandle$Holder.invokeVirtual(Ljava/lang/Object;Ljava/lang/Object;Ljava/lang/Object;)I> (0x000000070d71f9f8) thrown at [./open/src/hotspot/share/interpreter/linkRes
Event: 4.733 Thread 0x0000025c2ab61000 Exception <a 'java/lang/ClassNotFoundException'{0x000000070d790090}: java/lang/ObjectCustomizer> (0x000000070d790090) thrown at [./open/src/hotspot/share/classfile/systemDictionary.cpp, line 228]
Event: 4.734 Thread 0x0000025c2ab61000 Exception <a 'java/lang/ClassNotFoundException'{0x000000070d7a1680}: com/raphael/api/ApiSybase/domain/model/PessoaFisicaCustomizer> (0x000000070d7a1680) thrown at [./open/src/hotspot/share/classfile/systemDictionary.cpp, line 228]
Event: 4.912 Thread 0x0000025c2ab61000 Exception <a 'java/lang/IncompatibleClassChangeError'{0x000000070c3c8118}: Found class java.lang.Object, but interface was expected> (0x000000070c3c8118) thrown at [./open/src/hotspot/share/interpreter/linkResolver.cpp, line 838]
Event: 4.937 Thread 0x0000025c2ab61000 Exception <a 'java/lang/NoSuchMethodError'{0x000000070c112d40}: java.lang.invoke.DirectMethodHandle$Holder.invokeStaticInit(Ljava/lang/Object;Ljava/lang/Object;Ljava/lang/Object;Ljava/lang/Object;)I> (0x000000070c112d40) thrown at [./open/src/hotspot/shar
Event: 5.049 Thread 0x0000025c2ab61000 Exception <a 'java/lang/IncompatibleClassChangeError'{0x000000070b7a01f8}: Found class java.lang.Object, but interface was expected> (0x000000070b7a01f8) thrown at [./open/src/hotspot/share/interpreter/linkResolver.cpp, line 838]

Events (10 events):
Event: 8.521 loading class org/springframework/web/method/annotation/SessionAttributesHandler
Event: 8.521 loading class org/springframework/web/method/annotation/SessionAttributesHandler done
Event: 8.521 loading class org/springframework/web/method/annotation/SessionAttributesHandler
Event: 8.521 loading class org/springframework/web/method/annotation/SessionAttributesHandler done
Event: 8.521 loading class org/springframework/web/servlet/mvc/method/annotation/RequestMappingHandlerAdapter
Event: 8.521 loading class org/springframework/web/servlet/mvc/method/annotation/RequestMappingHandlerAdapter done
Event: 8.521 loading class org/springframework/web/bind/annotation/SessionAttributes
Event: 8.521 loading class org/springframework/web/bind/annotation/SessionAttributes done
Event: 8.522 loading class org/springframework/web/servlet/mvc/method/annotation/RequestMappingHandlerAdapter
Event: 8.522 loading class org/springframework/web/servlet/mvc/method/annotation/RequestMappingHandlerAdapter done


Dynamic libraries:
0x00007ff79dc00000 - 0x00007ff79dc47000 	C:\Program Files\Java\jdk-11.0.7\bin\java.exe
0x00007ffe56c80000 - 0x00007ffe56e70000 	C:\Windows\SYSTEM32\ntdll.dll
0x00007ffe56510000 - 0x00007ffe565c2000 	C:\Windows\System32\KERNEL32.DLL
0x00007ffe548a0000 - 0x00007ffe54b44000 	C:\Windows\System32\KERNELBASE.dll
0x00007ffe565d0000 - 0x00007ffe56673000 	C:\Windows\System32\ADVAPI32.dll
0x00007ffe56470000 - 0x00007ffe5650e000 	C:\Windows\System32\msvcrt.dll
0x00007ffe55910000 - 0x00007ffe559a7000 	C:\Windows\System32\sechost.dll
0x00007ffe54d30000 - 0x00007ffe54e50000 	C:\Windows\System32\RPCRT4.dll
0x00007ffe562d0000 - 0x00007ffe56464000 	C:\Windows\System32\USER32.dll
0x00007ffe54d00000 - 0x00007ffe54d21000 	C:\Windows\System32\win32u.dll
0x00007ffe55270000 - 0x00007ffe55296000 	C:\Windows\System32\GDI32.dll
0x00007ffe53d10000 - 0x00007ffe53ea4000 	C:\Windows\System32\gdi32full.dll
0x00007ffe53fb0000 - 0x00007ffe5404e000 	C:\Windows\System32\msvcp_win.dll
0x00007ffe53eb0000 - 0x00007ffe53faa000 	C:\Windows\System32\ucrtbase.dll
0x00007ffe52900000 - 0x00007ffe52b84000 	C:\Windows\WinSxS\amd64_microsoft.windows.common-controls_6595b64144ccf1df_6.0.18362.836_none_e6c4b943130f18ed\COMCTL32.dll
0x00007ffe54e50000 - 0x00007ffe55186000 	C:\Windows\System32\combase.dll
0x00007ffe547d0000 - 0x00007ffe54850000 	C:\Windows\System32\bcryptPrimitives.dll
0x00007ffe4c330000 - 0x00007ffe4c33a000 	C:\Windows\SYSTEM32\VERSION.dll
0x00007ffe56700000 - 0x00007ffe5672e000 	C:\Windows\System32\IMM32.DLL
0x00007ffe51fb0000 - 0x00007ffe51fc6000 	C:\Program Files\Java\jdk-11.0.7\bin\vcruntime140.dll
0x00007ffe51bc0000 - 0x00007ffe51c6a000 	C:\Program Files\Java\jdk-11.0.7\bin\msvcp140.dll
0x00007ffe168f0000 - 0x00007ffe17451000 	C:\Program Files\Java\jdk-11.0.7\bin\server\jvm.dll
0x00007ffe55190000 - 0x00007ffe55198000 	C:\Windows\System32\PSAPI.DLL
0x00007ffe42c00000 - 0x00007ffe42c09000 	C:\Windows\SYSTEM32\WSOCK32.dll
0x00007ffe56690000 - 0x00007ffe566ff000 	C:\Windows\System32\WS2_32.dll
0x00007ffe50770000 - 0x00007ffe50794000 	C:\Windows\SYSTEM32\WINMM.dll
0x00007ffe50740000 - 0x00007ffe5076d000 	C:\Windows\SYSTEM32\WINMMBASE.dll
0x00007ffe54850000 - 0x00007ffe5489a000 	C:\Windows\System32\cfgmgr32.dll
0x00007ffe53bf0000 - 0x00007ffe53c01000 	C:\Windows\System32\kernel.appcore.dll
0x00007ffe51f90000 - 0x00007ffe51fa1000 	C:\Program Files\Java\jdk-11.0.7\bin\verify.dll
0x00007ffe53620000 - 0x00007ffe53814000 	C:\Windows\SYSTEM32\DBGHELP.DLL
0x00007ffe52e70000 - 0x00007ffe52e9a000 	C:\Windows\SYSTEM32\dbgcore.DLL
0x00007ffe51f60000 - 0x00007ffe51f89000 	C:\Program Files\Java\jdk-11.0.7\bin\java.dll
0x00007ffe51f50000 - 0x00007ffe51f5a000 	C:\Program Files\Java\jdk-11.0.7\bin\jimage.dll
0x00007ffe51b90000 - 0x00007ffe51bc0000 	C:\Program Files\Java\jdk-11.0.7\bin\instrument.dll
0x00007ffe51f30000 - 0x00007ffe51f46000 	C:\Program Files\Java\jdk-11.0.7\bin\zip.dll
0x00007ffe559b0000 - 0x00007ffe56094000 	C:\Windows\System32\SHELL32.dll
0x00007ffe552a0000 - 0x00007ffe55349000 	C:\Windows\System32\shcore.dll
0x00007ffe54050000 - 0x00007ffe547ce000 	C:\Windows\System32\windows.storage.dll
0x00007ffe53bc0000 - 0x00007ffe53be3000 	C:\Windows\System32\profapi.dll
0x00007ffe53b50000 - 0x00007ffe53b9a000 	C:\Windows\System32\powrprof.dll
0x00007ffe53b40000 - 0x00007ffe53b50000 	C:\Windows\System32\UMPDC.dll
0x00007ffe55210000 - 0x00007ffe55262000 	C:\Windows\System32\shlwapi.dll
0x00007ffe53c10000 - 0x00007ffe53c27000 	C:\Windows\System32\cryptsp.dll
0x00007ffe51b70000 - 0x00007ffe51b89000 	C:\Program Files\Java\jdk-11.0.7\bin\net.dll
0x00007ffe493c0000 - 0x00007ffe494b0000 	C:\Windows\SYSTEM32\WINHTTP.dll
0x00007ffe53090000 - 0x00007ffe530f7000 	C:\Windows\system32\mswsock.dll
0x00007ffe51b50000 - 0x00007ffe51b63000 	C:\Program Files\Java\jdk-11.0.7\bin\nio.dll
0x00007ffe51b30000 - 0x00007ffe51b4a000 	C:\Program Files\JetBrains\IntelliJ IDEA Community Edition 2019.3.4\bin\breakgen64.dll
0x00007ffe51d80000 - 0x00007ffe51d89000 	C:\Program Files\Java\jdk-11.0.7\bin\management.dll
0x00007ffe51cf0000 - 0x00007ffe51cfc000 	C:\Program Files\Java\jdk-11.0.7\bin\management_ext.dll
0x00007ffe427c0000 - 0x00007ffe427d6000 	C:\Windows\system32\napinsp.dll
0x00007ffe427a0000 - 0x00007ffe427ba000 	C:\Windows\system32\pnrpnsp.dll
0x00007ffe52d90000 - 0x00007ffe52e5b000 	C:\Windows\SYSTEM32\DNSAPI.dll
0x00007ffe56680000 - 0x00007ffe56688000 	C:\Windows\System32\NSI.dll
0x00007ffe52c90000 - 0x00007ffe52cca000 	C:\Windows\SYSTEM32\IPHLPAPI.DLL
0x00007ffe42760000 - 0x00007ffe4276e000 	C:\Windows\System32\winrnr.dll
0x00007ffe4f670000 - 0x00007ffe4f68c000 	C:\Windows\system32\NLAapi.dll
0x00007ffe42740000 - 0x00007ffe42755000 	C:\Windows\system32\wshbth.dll
0x00007ffe48fd0000 - 0x00007ffe48fda000 	C:\Windows\System32\rasadhlp.dll
0x00007ffe4bfc0000 - 0x00007ffe4c037000 	C:\Windows\System32\fwpuclnt.dll
0x00007ffe53c30000 - 0x00007ffe53c56000 	C:\Windows\System32\bcrypt.dll
0x00007ffe52860000 - 0x00007ffe52893000 	C:\Windows\system32\rsaenh.dll
0x00007ffe53a60000 - 0x00007ffe53a85000 	C:\Windows\SYSTEM32\USERENV.dll
0x00007ffe53290000 - 0x00007ffe5329c000 	C:\Windows\SYSTEM32\CRYPTBASE.dll
0x00007ffe4c1c0000 - 0x00007ffe4c1d6000 	C:\Windows\SYSTEM32\dhcpcsvc6.DLL
0x00007ffe4c1a0000 - 0x00007ffe4c1bc000 	C:\Windows\SYSTEM32\dhcpcsvc.DLL

dbghelp: loaded successfully - version: 4.0.5 - missing functions: none
symbol engine: initialized successfully - sym options: 0x614 - pdb path: .;C:\Program Files\Java\jdk-11.0.7\bin;C:\Windows\SYSTEM32;C:\Windows\WinSxS\amd64_microsoft.windows.common-controls_6595b64144ccf1df_6.0.18362.836_none_e6c4b943130f18ed;C:\Program Files\Java\jdk-11.0.7\bin\server;C:\Program Files\JetBrains\IntelliJ IDEA Community Edition 2019.3.4\bin

VM Arguments:
jvm_args: -javaagent:C:\Program Files\JetBrains\IntelliJ IDEA Community Edition 2019.3.4\lib\idea_rt.jar=51211:C:\Program Files\JetBrains\IntelliJ IDEA Community Edition 2019.3.4\bin -Dfile.encoding=UTF-8 
java_command: com.raphael.api.ApiSybase.ApiSybaseApplication
java_class_path (initial): C:\Java\api\Api-Sybase\target\classes;C:\Users\Raphael\.m2\repository\org\springframework\boot\spring-boot-starter-web\2.3.0.RELEASE\spring-boot-starter-web-2.3.0.RELEASE.jar;C:\Users\Raphael\.m2\repository\org\springframework\boot\spring-boot-starter\2.3.0.RELEASE\spring-boot-starter-2.3.0.RELEASE.jar;C:\Users\Raphael\.m2\repository\org\springframework\boot\spring-boot-starter-logging\2.3.0.RELEASE\spring-boot-starter-logging-2.3.0.RELEASE.jar;C:\Users\Raphael\.m2\repository\ch\qos\logback\logback-classic\1.2.3\logback-classic-1.2.3.jar;C:\Users\Raphael\.m2\repository\ch\qos\logback\logback-core\1.2.3\logback-core-1.2.3.jar;C:\Users\Raphael\.m2\repository\org\apache\logging\log4j\log4j-to-slf4j\2.13.2\log4j-to-slf4j-2.13.2.jar;C:\Users\Raphael\.m2\repository\org\apache\logging\log4j\log4j-api\2.13.2\log4j-api-2.13.2.jar;C:\Users\Raphael\.m2\repository\org\slf4j\jul-to-slf4j\1.7.30\jul-to-slf4j-1.7.30.jar;C:\Users\Raphael\.m2\repository\jakarta\annotation\jakarta.annotation-api\1.3.5\jakarta.annotation-api-1.3.5.jar;C:\Users\Raphael\.m2\repository\org\yaml\snakeyaml\1.26\snakeyaml-1.26.jar;C:\Users\Raphael\.m2\repository\org\springframework\boot\spring-boot-starter-json\2.3.0.RELEASE\spring-boot-starter-json-2.3.0.RELEASE.jar;C:\Users\Raphael\.m2\repository\com\fasterxml\jackson\core\jackson-databind\2.11.0\jackson-databind-2.11.0.jar;C:\Users\Raphael\.m2\repository\com\fasterxml\jackson\core\jackson-annotations\2.11.0\jackson-annotations-2.11.0.jar;C:\Users\Raphael\.m2\repository\com\fasterxml\jackson\core\jackson-core\2.11.0\jackson-core-2.11.0.jar;C:\Users\Raphael\.m2\repository\com\fasterxml\jackson\datatype\jackson-datatype-jdk8\2.11.0\jackson-datatype-jdk8-2.11.0.jar;C:\Users\Raphael\.m2\repository\com\fasterxml\jackson\datatype\jackson-datatype-jsr310\2.11.0\jackson-datatype-jsr310-2.11.0.jar;C:\Users\Raphael\.m2\repository\com\fasterxml\jackson\module\jackson-module-parameter-names\2.11.0\jackson-module-parameter-names-2.11.0.jar
Launcher Type: SUN_STANDARD

[Global flags]
     intx CICompilerCount                          = 3                                         {product} {ergonomic}
     uint ConcGCThreads                            = 1                                         {product} {ergonomic}
     uint G1ConcRefinementThreads                  = 4                                         {product} {ergonomic}
   size_t G1HeapRegionSize                         = 1048576                                   {product} {ergonomic}
    uintx GCDrainStackTargetSize                   = 64                                        {product} {ergonomic}
   size_t InitialHeapSize                          = 268435456                                 {product} {ergonomic}
   size_t MarkStackSize                            = 4194304                                   {product} {ergonomic}
   size_t MaxHeapSize                              = 4271898624                                {product} {ergonomic}
   size_t MaxNewSize                               = 2562719744                                {product} {ergonomic}
   size_t MinHeapDeltaBytes                        = 1048576                                   {product} {ergonomic}
    uintx NonNMethodCodeHeapSize                   = 5830732                                {pd product} {ergonomic}
    uintx NonProfiledCodeHeapSize                  = 122913754                              {pd product} {ergonomic}
    uintx ProfiledCodeHeapSize                     = 122913754                              {pd product} {ergonomic}
    uintx ReservedCodeCacheSize                    = 251658240                              {pd product} {ergonomic}
     bool SegmentedCodeCache                       = true                                      {product} {ergonomic}
     bool UseCompressedClassPointers               = true                                 {lp64_product} {ergonomic}
     bool UseCompressedOops                        = true                                 {lp64_product} {ergonomic}
     bool UseG1GC                                  = true                                      {product} {ergonomic}
     bool UseLargePagesIndividualAllocation        = false                                  {pd product} {ergonomic}

Logging:
Log output configuration:
 #0: stdout all=warning uptime,level,tags
 #1: stderr all=off uptime,level,tags

Environment Variables:
PATH=C:\Program Files (x86)\Intel\iCLS Client\;C:\Program Files\Intel\iCLS Client\;C:\Program Files (x86)\Common Files\Oracle\Java\javapath;C:\ProgramData\Oracle\Java\javapath;C:\Windows\system32;C:\Windows;C:\Windows\System32\Wbem;C:\Windows\System32\WindowsPowerShell\v1.0\;C:\Windows\System32\OpenSSH\;C:\Program Files\Sybase\SQL Anywhere 9\x64;C:\Program Files\Sybase\SQL Anywhere 9\win32;C:\Program Files\Sybase\Shared\win32;C:\Program Files\Sybase\Shared\Sybase Central 4.3\win32;C:\Program Files\Microsoft SQL Server\Client SDK\ODBC\130\Tools\Binn\;C:\Program Files (x86)\Microsoft SQL Server\140\Tools\Binn\;C:\Program Files\Microsoft SQL Server\140\Tools\Binn\;C:\Program Files\Microsoft SQL Server\140\DTS\Binn\;C:\Program Files (x86)\Microsoft SQL Server\150\DTS\Binn\;C:\Program Files\Git\cmd;C:\Program Files (x86)\Intel\Intel(R) Management Engine Components\DAL;C:\Program Files\Intel\Intel(R) Management Engine Components\DAL;C:\Program Files (x86)\Intel\Intel(R) Management Engine Components\IPT;C:\Program Files\Intel\Intel(R) Management Engine Components\IPT;C:\Program Files\MySQL\MySQL Shell 8.0\bin\;C:\Users\Raphael\AppData\Local\Microsoft\WindowsApps;;C:\Users\Raphael\AppData\Local\Programs\Microsoft VS Code\bin
USERNAME=Raphael
OS=Windows_NT
PROCESSOR_IDENTIFIER=Intel64 Family 6 Model 60 Stepping 3, GenuineIntel



---------------  S Y S T E M  ---------------

OS: Windows 10 , 64 bit Build 18362 (10.0.18362.778)

CPU:total 4 (initial active 4) (4 cores per cpu, 1 threads per core) family 6 model 60 stepping 3, cmov, cx8, fxsr, mmx, sse, sse2, sse3, ssse3, sse4.1, sse4.2, popcnt, avx, avx2, aes, clmul, erms, lzcnt, tsc, tscinvbit, bmi1, bmi2, fma

Memory: 4k page, system-wide physical 16294M (10910M free)
TotalPageFile size 18726M (AvailPageFile size 11884M)
current process WorkingSet (physical memory assigned to process): 395M, peak: 404M
current process commit charge ("private bytes"): 520M, peak: 530M

vm_info: Java HotSpot(TM) 64-Bit Server VM (11.0.7+8-LTS) for windows-amd64 JRE (11.0.7+8-LTS), built on Mar 12 2020 02:04:32 by "mach5one" with MS VC++ 15.5 (VS2017)

END.
