#
# A fatal error has been detected by the Java Runtime Environment:
#
#  EXCEPTION_ACCESS_VIOLATION (0xc0000005) at pc=0x00007ffe16c8ecd2, pid=8224, tid=6572
#
# JRE version: Java(TM) SE Runtime Environment 18.9 (11.0.7+8) (build 11.0.7+8-LTS)
# Java VM: Java HotSpot(TM) 64-Bit Server VM 18.9 (11.0.7+8-LTS, mixed mode, tiered, compressed oops, g1 gc, windows-amd64)
# Problematic frame:
# V  [jvm.dll+0x36ecd2]
#
# No core dump will be written. Minidumps are not enabled by default on client versions of Windows
#
# If you would like to submit a bug report, please visit:
#   https://bugreport.java.com/bugreport/crash.jsp
#

---------------  S U M M A R Y ------------

Command Line: -javaagent:C:\Program Files\JetBrains\IntelliJ IDEA Community Edition 2019.3.4\lib\idea_rt.jar=52299:C:\Program Files\JetBrains\IntelliJ IDEA Community Edition 2019.3.4\bin -Dfile.encoding=UTF-8 com.raphael.api.ApiSybase.ApiSybaseApplication

Host: Intel(R) Core(TM) i5-4570 CPU @ 3.20GHz, 4 cores, 15G,  Windows 10 , 64 bit Build 18362 (10.0.18362.778)
Time: Mon Jun  8 12:54:26 2020 Hora oficial do Brasil elapsed time: 3 seconds (0d 0h 0m 3s)

---------------  T H R E A D  ---------------

Current thread (0x000001c7ced7a800):  JavaThread "C2 CompilerThread0" daemon [_thread_in_native, id=6572, stack(0x0000006439700000,0x0000006439800000)]


Current CompileTask:
C2:   3255 3328 % !   4       java.util.jar.Attributes::read @ 185 (388 bytes)

Stack: [0x0000006439700000,0x0000006439800000],  sp=0x00000064397fbdc0,  free space=1007k
Native frames: (J=compiled Java code, j=interpreted, Vv=VM code, C=native code)
V  [jvm.dll+0x36ecd2]
V  [jvm.dll+0x1a9955]
V  [jvm.dll+0x2187f2]
V  [jvm.dll+0x21788a]
V  [jvm.dll+0x19407c]
V  [jvm.dll+0x226c74]
V  [jvm.dll+0x224e98]
V  [jvm.dll+0x765e25]
V  [jvm.dll+0x75e875]
V  [jvm.dll+0x660b26]
C  [ucrtbase.dll+0x20e82]
C  [KERNEL32.DLL+0x17bd4]
C  [ntdll.dll+0x6ce51]


siginfo: EXCEPTION_ACCESS_VIOLATION (0xc0000005), reading address 0x000021c7d0d9ded8


Register to memory mapping:

RIP=0x00007ffe16c8ecd2 jvm.dll
RAX=0x000001c7d2e67390 points into unknown readable memory: 00 00 00 00 00 00 00 00
RBX=0x00000064397fc420 is pointing into the stack for thread: 0x000001c7ced7a800
RCX=0x000021c7d0d9deb0 is an unknown value
RDX=0x0000000000080000 is an unknown value
RSP=0x00000064397fbdc0 is pointing into the stack for thread: 0x000001c7ced7a800
RBP=0x00000064397fbec0 is pointing into the stack for thread: 0x000001c7ced7a800
RSI=0x0000000000000013 is an unknown value
RDI=0x0000000000000005 is an unknown value
R8 =0x000001c7d1279ac0 points into unknown readable memory: 00 00 00 00 00 00 00 00
R9 =0x0 is NULL
R10=0x000000000000001b is an unknown value
R11=0x0000000055555555 is an unknown value
R12=0x00000000000f423f is an unknown value
R13=0x000001c7cff08ec0 points into unknown readable memory: 80 4c 19 17 fe 7f 00 00
R14=0x0000000000000002 is an unknown value
R15=0x000001c7d0d9c940 points into unknown readable memory: 90 e0 11 17 fe 7f 00 00


Registers:
RAX=0x000001c7d2e67390, RBX=0x00000064397fc420, RCX=0x000021c7d0d9deb0, RDX=0x0000000000080000
RSP=0x00000064397fbdc0, RBP=0x00000064397fbec0, RSI=0x0000000000000013, RDI=0x0000000000000005
R8 =0x000001c7d1279ac0, R9 =0x0000000000000000, R10=0x000000000000001b, R11=0x0000000055555555
R12=0x00000000000f423f, R13=0x000001c7cff08ec0, R14=0x0000000000000002, R15=0x000001c7d0d9c940
RIP=0x00007ffe16c8ecd2, EFLAGS=0x0000000000010297

Top of Stack: (sp=0x00000064397fbdc0)
0x00000064397fbdc0:   00000064397fc420 00000064397fbec0
0x00000064397fbdd0:   0000000000000005 000001c7d4b45eb0
0x00000064397fbde0:   00000064397fbe10 3ee2e299199105f4
0x00000064397fbdf0:   0000000500000005 0000000d00000005
0x00000064397fbe00:   0000000000000000 00000000ffffffff
0x00000064397fbe10:   0000000500000000 0000000e00000000
0x00000064397fbe20:   000001c700000000 0000000400000005
0x00000064397fbe30:   000000000000023d 000001c7000003d4
0x00000064397fbe40:   0000000000000003 000001c7d24be780
0x00000064397fbe50:   000001c700000012 000001c7d127a510
0x00000064397fbe60:   000001c7d462f0e0 00007ffe00000000
0x00000064397fbe70:   000001c7d43b3f80 00007ffe00000001
0x00000064397fbe80:   000001c7d01a3440 0000000000000001
0x00000064397fbe90:   000001c7d46516f8 0000000000000000
0x00000064397fbea0:   000001c7d4b45eb0 00007ffe169e2bd1
0x00000064397fbeb0:   000001c7d3c96be8 0000000000000000 

Instructions: (pc=0x00007ffe16c8ecd2)
0x00007ffe16c8ecb2:   45 3b 77 18 0f 83 5a 01 00 00 0f 1f 40 00 49 8b
0x00007ffe16c8ecc2:   47 08 41 8b ce 48 8b 0c c8 48 8b 83 28 01 00 00
0x00007ffe16c8ecd2:   48 63 51 28 8b 34 90 85 f6 0f 84 1e 01 00 00 48
0x00007ffe16c8ece2:   8b 43 70 8b fe 48 8d 1c b6 48 c1 e3 05 48 03 58 


Stack slot to memory mapping:
stack at sp + 0 slots: 0x00000064397fc420 is pointing into the stack for thread: 0x000001c7ced7a800
stack at sp + 1 slots: 0x00000064397fbec0 is pointing into the stack for thread: 0x000001c7ced7a800
stack at sp + 2 slots: 0x0000000000000005 is an unknown value
stack at sp + 3 slots: 0x000001c7d4b45eb0 points into unknown readable memory: 00 00 00 00 00 00 00 00
stack at sp + 4 slots: 0x00000064397fbe10 is pointing into the stack for thread: 0x000001c7ced7a800
stack at sp + 5 slots: 0x3ee2e299199105f4 is an unknown value
stack at sp + 6 slots: 0x0000000500000005 is an unknown value
stack at sp + 7 slots: 0x0000000d00000005 is an unknown value


---------------  P R O C E S S  ---------------

Threads class SMR info:
_java_thread_list=0x000001c7d440f780, length=17, elements={
0x000001c7abcf5000, 0x000001c7ced5d800, 0x000001c7ced69000, 0x000001c7ced78800,
0x000001c7ced79800, 0x000001c7ced7a800, 0x000001c7cf6c2000, 0x000001c7cf6d7800,
0x000001c7cf7d3000, 0x000001c7cfc27000, 0x000001c7cf97c000, 0x000001c7d0661800,
0x000001c7d06de800, 0x000001c7d0764000, 0x000001c7d2656800, 0x000001c7d2656000,
0x000001c7d265a800
}

Java Threads: ( => current thread )
  0x000001c7abcf5000 JavaThread "main" [_thread_blocked, id=8604, stack(0x0000006438c00000,0x0000006438d00000)]
  0x000001c7ced5d800 JavaThread "Reference Handler" daemon [_thread_blocked, id=2372, stack(0x0000006439300000,0x0000006439400000)]
  0x000001c7ced69000 JavaThread "Finalizer" daemon [_thread_blocked, id=5280, stack(0x0000006439400000,0x0000006439500000)]
  0x000001c7ced78800 JavaThread "Signal Dispatcher" daemon [_thread_blocked, id=7668, stack(0x0000006439500000,0x0000006439600000)]
  0x000001c7ced79800 JavaThread "Attach Listener" daemon [_thread_blocked, id=6964, stack(0x0000006439600000,0x0000006439700000)]
=>0x000001c7ced7a800 JavaThread "C2 CompilerThread0" daemon [_thread_in_native, id=6572, stack(0x0000006439700000,0x0000006439800000)]
  0x000001c7cf6c2000 JavaThread "C1 CompilerThread0" daemon [_thread_blocked, id=13500, stack(0x0000006439800000,0x0000006439900000)]
  0x000001c7cf6d7800 JavaThread "Sweeper thread" daemon [_thread_blocked, id=11564, stack(0x0000006439900000,0x0000006439a00000)]
  0x000001c7cf7d3000 JavaThread "Common-Cleaner" daemon [_thread_blocked, id=8872, stack(0x0000006439a00000,0x0000006439b00000)]
  0x000001c7cfc27000 JavaThread "Monitor Ctrl-Break" daemon [_thread_in_native, id=12488, stack(0x0000006439b00000,0x0000006439c00000)]
  0x000001c7cf97c000 JavaThread "Service Thread" daemon [_thread_blocked, id=14172, stack(0x0000006439c00000,0x0000006439d00000)]
  0x000001c7d0661800 JavaThread "Thread-0" [_thread_blocked, id=10396, stack(0x000000643a100000,0x000000643a200000)]
  0x000001c7d06de800 JavaThread "restartedMain" [_thread_in_vm, id=10880, stack(0x000000643a200000,0x000000643a300000)]
  0x000001c7d0764000 JavaThread "C2 CompilerThread1" daemon [_thread_in_native, id=6508, stack(0x000000643a300000,0x000000643a400000)]
  0x000001c7d2656800 JavaThread "Catalina-utility-1" [_thread_blocked, id=9772, stack(0x000000643a400000,0x000000643a500000)]
  0x000001c7d2656000 JavaThread "Catalina-utility-2" [_thread_blocked, id=1232, stack(0x000000643a500000,0x000000643a600000)]
  0x000001c7d265a800 JavaThread "container-0" [_thread_blocked, id=12668, stack(0x000000643a600000,0x000000643a700000)]

Other Threads:
  0x000001c7ced42800 VMThread "VM Thread" [stack: 0x0000006439200000,0x0000006439300000] [id=1564]
  0x000001c7cfd0c000 WatcherThread [stack: 0x0000006439d00000,0x0000006439e00000] [id=4908]
  0x000001c7abd0b800 GCTaskThread "GC Thread#0" [stack: 0x0000006438d00000,0x0000006438e00000] [id=12756]
  0x000001c7d0011800 GCTaskThread "GC Thread#1" [stack: 0x0000006439e00000,0x0000006439f00000] [id=11744]
  0x000001c7d0012800 GCTaskThread "GC Thread#2" [stack: 0x0000006439f00000,0x000000643a000000] [id=5396]
  0x000001c7d0013000 GCTaskThread "GC Thread#3" [stack: 0x000000643a000000,0x000000643a100000] [id=14328]
  0x000001c7abd68800 ConcurrentGCThread "G1 Main Marker" [stack: 0x0000006438e00000,0x0000006438f00000] [id=11368]
  0x000001c7abd6a000 ConcurrentGCThread "G1 Conc#0" [stack: 0x0000006438f00000,0x0000006439000000] [id=12276]
  0x000001c7cec43000 ConcurrentGCThread "G1 Refine#0" [stack: 0x0000006439000000,0x0000006439100000] [id=8208]
  0x000001c7cec44000 ConcurrentGCThread "G1 Young RemSet Sampling" [stack: 0x0000006439100000,0x0000006439200000] [id=12096]

Threads with active compile tasks:
C2 CompilerThread03328 % !   4       java.util.jar.Attributes::read @ 185 (388 bytes)
C2 CompilerThread13434       4       org.springframework.util.ConcurrentReferenceHashMap$Segment::getReference (55 bytes)

VM state:not at safepoint (normal execution)

VM Mutex/Monitor currently owned by a thread: None

Heap address: 0x0000000701600000, size: 4074 MB, Compressed Oops mode: Zero based, Oop shift amount: 3
Narrow klass base: 0x0000000800000000, Narrow klass shift: 0
Compressed class space size: 1073741824 Address: 0x0000000800000000

Heap:
 garbage-first heap   total 315392K, used 21193K [0x0000000701600000, 0x0000000800000000)
  region size 1024K, 16 young (16384K), 8 survivors (8192K)
 Metaspace       used 35421K, capacity 36528K, committed 36784K, reserved 1081344K
  class space    used 4099K, capacity 4501K, committed 4608K, reserved 1048576K
Heap Regions: E=young(eden), S=young(survivor), O=old, HS=humongous(starts), HC=humongous(continues), CS=collection set, F=free, A=archive, TAMS=top-at-mark-start (previous, next)
|   0|0x0000000701600000, 0x0000000701700000, 0x0000000701700000|100%|HS|  |TAMS 0x0000000701700000, 0x0000000701600000| Complete 
|   1|0x0000000701700000, 0x0000000701800000, 0x0000000701800000|100%| O|  |TAMS 0x0000000701800000, 0x0000000701700000| Untracked 
|   2|0x0000000701800000, 0x0000000701900000, 0x0000000701900000|100%| O|  |TAMS 0x0000000701900000, 0x0000000701800000| Untracked 
|   3|0x0000000701900000, 0x0000000701a00000, 0x0000000701a00000|100%| O|  |TAMS 0x0000000701a00000, 0x0000000701900000| Untracked 
|   4|0x0000000701a00000, 0x0000000701b00000, 0x0000000701b00000|100%| O|  |TAMS 0x0000000701b00000, 0x0000000701a00000| Untracked 
|   5|0x0000000701b00000, 0x0000000701bb2400, 0x0000000701c00000| 69%| O|  |TAMS 0x0000000701bb2400, 0x0000000701b00000| Untracked 
|   6|0x0000000701c00000, 0x0000000701c00000, 0x0000000701d00000|  0%| F|  |TAMS 0x0000000701c00000, 0x0000000701c00000| Untracked 
|   7|0x0000000701d00000, 0x0000000701d00000, 0x0000000701e00000|  0%| F|  |TAMS 0x0000000701d00000, 0x0000000701d00000| Untracked 
|   8|0x0000000701e00000, 0x0000000701e00000, 0x0000000701f00000|  0%| F|  |TAMS 0x0000000701e00000, 0x0000000701e00000| Untracked 
|   9|0x0000000701f00000, 0x0000000701f00000, 0x0000000702000000|  0%| F|  |TAMS 0x0000000701f00000, 0x0000000701f00000| Untracked 
|  10|0x0000000702000000, 0x0000000702000000, 0x0000000702100000|  0%| F|  |TAMS 0x0000000702000000, 0x0000000702000000| Untracked 
|  11|0x0000000702100000, 0x0000000702100000, 0x0000000702200000|  0%| F|  |TAMS 0x0000000702100000, 0x0000000702100000| Untracked 
|  12|0x0000000702200000, 0x0000000702200000, 0x0000000702300000|  0%| F|  |TAMS 0x0000000702200000, 0x0000000702200000| Untracked 
|  13|0x0000000702300000, 0x0000000702300000, 0x0000000702400000|  0%| F|  |TAMS 0x0000000702300000, 0x0000000702300000| Untracked 
|  14|0x0000000702400000, 0x0000000702400000, 0x0000000702500000|  0%| F|  |TAMS 0x0000000702400000, 0x0000000702400000| Untracked 
|  15|0x0000000702500000, 0x0000000702500000, 0x0000000702600000|  0%| F|  |TAMS 0x0000000702500000, 0x0000000702500000| Untracked 
|  16|0x0000000702600000, 0x0000000702600000, 0x0000000702700000|  0%| F|  |TAMS 0x0000000702600000, 0x0000000702600000| Untracked 
|  17|0x0000000702700000, 0x0000000702700000, 0x0000000702800000|  0%| F|  |TAMS 0x0000000702700000, 0x0000000702700000| Untracked 
|  18|0x0000000702800000, 0x0000000702800000, 0x0000000702900000|  0%| F|  |TAMS 0x0000000702800000, 0x0000000702800000| Untracked 
|  19|0x0000000702900000, 0x0000000702900000, 0x0000000702a00000|  0%| F|  |TAMS 0x0000000702900000, 0x0000000702900000| Untracked 
|  20|0x0000000702a00000, 0x0000000702a00000, 0x0000000702b00000|  0%| F|  |TAMS 0x0000000702a00000, 0x0000000702a00000| Untracked 
|  21|0x0000000702b00000, 0x0000000702b00000, 0x0000000702c00000|  0%| F|  |TAMS 0x0000000702b00000, 0x0000000702b00000| Untracked 
|  22|0x0000000702c00000, 0x0000000702c00000, 0x0000000702d00000|  0%| F|  |TAMS 0x0000000702c00000, 0x0000000702c00000| Untracked 
|  23|0x0000000702d00000, 0x0000000702d00000, 0x0000000702e00000|  0%| F|  |TAMS 0x0000000702d00000, 0x0000000702d00000| Untracked 
|  24|0x0000000702e00000, 0x0000000702e00000, 0x0000000702f00000|  0%| F|  |TAMS 0x0000000702e00000, 0x0000000702e00000| Untracked 
|  25|0x0000000702f00000, 0x0000000702f00000, 0x0000000703000000|  0%| F|  |TAMS 0x0000000702f00000, 0x0000000702f00000| Untracked 
|  26|0x0000000703000000, 0x0000000703000000, 0x0000000703100000|  0%| F|  |TAMS 0x0000000703000000, 0x0000000703000000| Untracked 
|  27|0x0000000703100000, 0x0000000703100000, 0x0000000703200000|  0%| F|  |TAMS 0x0000000703100000, 0x0000000703100000| Untracked 
|  28|0x0000000703200000, 0x0000000703200000, 0x0000000703300000|  0%| F|  |TAMS 0x0000000703200000, 0x0000000703200000| Untracked 
|  29|0x0000000703300000, 0x0000000703300000, 0x0000000703400000|  0%| F|  |TAMS 0x0000000703300000, 0x0000000703300000| Untracked 
|  30|0x0000000703400000, 0x0000000703400000, 0x0000000703500000|  0%| F|  |TAMS 0x0000000703400000, 0x0000000703400000| Untracked 
|  31|0x0000000703500000, 0x0000000703500000, 0x0000000703600000|  0%| F|  |TAMS 0x0000000703500000, 0x0000000703500000| Untracked 
|  32|0x0000000703600000, 0x0000000703600000, 0x0000000703700000|  0%| F|  |TAMS 0x0000000703600000, 0x0000000703600000| Untracked 
|  33|0x0000000703700000, 0x0000000703700000, 0x0000000703800000|  0%| F|  |TAMS 0x0000000703700000, 0x0000000703700000| Untracked 
|  34|0x0000000703800000, 0x0000000703800000, 0x0000000703900000|  0%| F|  |TAMS 0x0000000703800000, 0x0000000703800000| Untracked 
|  35|0x0000000703900000, 0x0000000703900000, 0x0000000703a00000|  0%| F|  |TAMS 0x0000000703900000, 0x0000000703900000| Untracked 
|  36|0x0000000703a00000, 0x0000000703a00000, 0x0000000703b00000|  0%| F|  |TAMS 0x0000000703a00000, 0x0000000703a00000| Untracked 
|  37|0x0000000703b00000, 0x0000000703b00000, 0x0000000703c00000|  0%| F|  |TAMS 0x0000000703b00000, 0x0000000703b00000| Untracked 
|  38|0x0000000703c00000, 0x0000000703c00000, 0x0000000703d00000|  0%| F|  |TAMS 0x0000000703c00000, 0x0000000703c00000| Untracked 
|  39|0x0000000703d00000, 0x0000000703d00000, 0x0000000703e00000|  0%| F|  |TAMS 0x0000000703d00000, 0x0000000703d00000| Untracked 
|  40|0x0000000703e00000, 0x0000000703e00000, 0x0000000703f00000|  0%| F|  |TAMS 0x0000000703e00000, 0x0000000703e00000| Untracked 
|  41|0x0000000703f00000, 0x0000000703f00000, 0x0000000704000000|  0%| F|  |TAMS 0x0000000703f00000, 0x0000000703f00000| Untracked 
|  42|0x0000000704000000, 0x0000000704000000, 0x0000000704100000|  0%| F|  |TAMS 0x0000000704000000, 0x0000000704000000| Untracked 
|  43|0x0000000704100000, 0x0000000704100000, 0x0000000704200000|  0%| F|  |TAMS 0x0000000704100000, 0x0000000704100000| Untracked 
|  44|0x0000000704200000, 0x0000000704200000, 0x0000000704300000|  0%| F|  |TAMS 0x0000000704200000, 0x0000000704200000| Untracked 
|  45|0x0000000704300000, 0x0000000704300000, 0x0000000704400000|  0%| F|  |TAMS 0x0000000704300000, 0x0000000704300000| Untracked 
|  46|0x0000000704400000, 0x0000000704400000, 0x0000000704500000|  0%| F|  |TAMS 0x0000000704400000, 0x0000000704400000| Untracked 
|  47|0x0000000704500000, 0x0000000704500000, 0x0000000704600000|  0%| F|  |TAMS 0x0000000704500000, 0x0000000704500000| Untracked 
|  48|0x0000000704600000, 0x0000000704600000, 0x0000000704700000|  0%| F|  |TAMS 0x0000000704600000, 0x0000000704600000| Untracked 
|  49|0x0000000704700000, 0x0000000704700000, 0x0000000704800000|  0%| F|  |TAMS 0x0000000704700000, 0x0000000704700000| Untracked 
|  50|0x0000000704800000, 0x0000000704800000, 0x0000000704900000|  0%| F|  |TAMS 0x0000000704800000, 0x0000000704800000| Untracked 
|  51|0x0000000704900000, 0x0000000704900000, 0x0000000704a00000|  0%| F|  |TAMS 0x0000000704900000, 0x0000000704900000| Untracked 
|  52|0x0000000704a00000, 0x0000000704a00000, 0x0000000704b00000|  0%| F|  |TAMS 0x0000000704a00000, 0x0000000704a00000| Untracked 
|  53|0x0000000704b00000, 0x0000000704b00000, 0x0000000704c00000|  0%| F|  |TAMS 0x0000000704b00000, 0x0000000704b00000| Untracked 
|  54|0x0000000704c00000, 0x0000000704c00000, 0x0000000704d00000|  0%| F|  |TAMS 0x0000000704c00000, 0x0000000704c00000| Untracked 
|  55|0x0000000704d00000, 0x0000000704d00000, 0x0000000704e00000|  0%| F|  |TAMS 0x0000000704d00000, 0x0000000704d00000| Untracked 
|  56|0x0000000704e00000, 0x0000000704e00000, 0x0000000704f00000|  0%| F|  |TAMS 0x0000000704e00000, 0x0000000704e00000| Untracked 
|  57|0x0000000704f00000, 0x0000000704f00000, 0x0000000705000000|  0%| F|  |TAMS 0x0000000704f00000, 0x0000000704f00000| Untracked 
|  58|0x0000000705000000, 0x0000000705000000, 0x0000000705100000|  0%| F|  |TAMS 0x0000000705000000, 0x0000000705000000| Untracked 
|  59|0x0000000705100000, 0x0000000705100000, 0x0000000705200000|  0%| F|  |TAMS 0x0000000705100000, 0x0000000705100000| Untracked 
|  60|0x0000000705200000, 0x0000000705200000, 0x0000000705300000|  0%| F|  |TAMS 0x0000000705200000, 0x0000000705200000| Untracked 
|  61|0x0000000705300000, 0x0000000705300000, 0x0000000705400000|  0%| F|  |TAMS 0x0000000705300000, 0x0000000705300000| Untracked 
|  62|0x0000000705400000, 0x0000000705400000, 0x0000000705500000|  0%| F|  |TAMS 0x0000000705400000, 0x0000000705400000| Untracked 
|  63|0x0000000705500000, 0x0000000705500000, 0x0000000705600000|  0%| F|  |TAMS 0x0000000705500000, 0x0000000705500000| Untracked 
|  64|0x0000000705600000, 0x0000000705600000, 0x0000000705700000|  0%| F|  |TAMS 0x0000000705600000, 0x0000000705600000| Untracked 
|  65|0x0000000705700000, 0x0000000705700000, 0x0000000705800000|  0%| F|  |TAMS 0x0000000705700000, 0x0000000705700000| Untracked 
|  66|0x0000000705800000, 0x0000000705800000, 0x0000000705900000|  0%| F|  |TAMS 0x0000000705800000, 0x0000000705800000| Untracked 
|  67|0x0000000705900000, 0x0000000705900000, 0x0000000705a00000|  0%| F|  |TAMS 0x0000000705900000, 0x0000000705900000| Untracked 
|  68|0x0000000705a00000, 0x0000000705a00000, 0x0000000705b00000|  0%| F|  |TAMS 0x0000000705a00000, 0x0000000705a00000| Untracked 
|  69|0x0000000705b00000, 0x0000000705b00000, 0x0000000705c00000|  0%| F|  |TAMS 0x0000000705b00000, 0x0000000705b00000| Untracked 
|  70|0x0000000705c00000, 0x0000000705c00000, 0x0000000705d00000|  0%| F|  |TAMS 0x0000000705c00000, 0x0000000705c00000| Untracked 
|  71|0x0000000705d00000, 0x0000000705d00000, 0x0000000705e00000|  0%| F|  |TAMS 0x0000000705d00000, 0x0000000705d00000| Untracked 
|  72|0x0000000705e00000, 0x0000000705e00000, 0x0000000705f00000|  0%| F|  |TAMS 0x0000000705e00000, 0x0000000705e00000| Untracked 
|  73|0x0000000705f00000, 0x0000000705f00000, 0x0000000706000000|  0%| F|  |TAMS 0x0000000705f00000, 0x0000000705f00000| Untracked 
|  74|0x0000000706000000, 0x0000000706000000, 0x0000000706100000|  0%| F|  |TAMS 0x0000000706000000, 0x0000000706000000| Untracked 
|  75|0x0000000706100000, 0x0000000706100000, 0x0000000706200000|  0%| F|  |TAMS 0x0000000706100000, 0x0000000706100000| Untracked 
|  76|0x0000000706200000, 0x0000000706200000, 0x0000000706300000|  0%| F|  |TAMS 0x0000000706200000, 0x0000000706200000| Untracked 
|  77|0x0000000706300000, 0x0000000706300000, 0x0000000706400000|  0%| F|  |TAMS 0x0000000706300000, 0x0000000706300000| Untracked 
|  78|0x0000000706400000, 0x0000000706400000, 0x0000000706500000|  0%| F|  |TAMS 0x0000000706400000, 0x0000000706400000| Untracked 
|  79|0x0000000706500000, 0x0000000706500000, 0x0000000706600000|  0%| F|  |TAMS 0x0000000706500000, 0x0000000706500000| Untracked 
|  80|0x0000000706600000, 0x0000000706600000, 0x0000000706700000|  0%| F|  |TAMS 0x0000000706600000, 0x0000000706600000| Untracked 
|  81|0x0000000706700000, 0x0000000706700000, 0x0000000706800000|  0%| F|  |TAMS 0x0000000706700000, 0x0000000706700000| Untracked 
|  82|0x0000000706800000, 0x0000000706800000, 0x0000000706900000|  0%| F|  |TAMS 0x0000000706800000, 0x0000000706800000| Untracked 
|  83|0x0000000706900000, 0x0000000706900000, 0x0000000706a00000|  0%| F|  |TAMS 0x0000000706900000, 0x0000000706900000| Untracked 
|  84|0x0000000706a00000, 0x0000000706a00000, 0x0000000706b00000|  0%| F|  |TAMS 0x0000000706a00000, 0x0000000706a00000| Untracked 
|  85|0x0000000706b00000, 0x0000000706b00000, 0x0000000706c00000|  0%| F|  |TAMS 0x0000000706b00000, 0x0000000706b00000| Untracked 
|  86|0x0000000706c00000, 0x0000000706c00000, 0x0000000706d00000|  0%| F|  |TAMS 0x0000000706c00000, 0x0000000706c00000| Untracked 
|  87|0x0000000706d00000, 0x0000000706d00000, 0x0000000706e00000|  0%| F|  |TAMS 0x0000000706d00000, 0x0000000706d00000| Untracked 
|  88|0x0000000706e00000, 0x0000000706e00000, 0x0000000706f00000|  0%| F|  |TAMS 0x0000000706e00000, 0x0000000706e00000| Untracked 
|  89|0x0000000706f00000, 0x0000000706f00000, 0x0000000707000000|  0%| F|  |TAMS 0x0000000706f00000, 0x0000000706f00000| Untracked 
|  90|0x0000000707000000, 0x0000000707000000, 0x0000000707100000|  0%| F|  |TAMS 0x0000000707000000, 0x0000000707000000| Untracked 
|  91|0x0000000707100000, 0x0000000707100000, 0x0000000707200000|  0%| F|  |TAMS 0x0000000707100000, 0x0000000707100000| Untracked 
|  92|0x0000000707200000, 0x0000000707200000, 0x0000000707300000|  0%| F|  |TAMS 0x0000000707200000, 0x0000000707200000| Untracked 
|  93|0x0000000707300000, 0x0000000707300000, 0x0000000707400000|  0%| F|  |TAMS 0x0000000707300000, 0x0000000707300000| Untracked 
|  94|0x0000000707400000, 0x0000000707400000, 0x0000000707500000|  0%| F|  |TAMS 0x0000000707400000, 0x0000000707400000| Untracked 
|  95|0x0000000707500000, 0x0000000707500000, 0x0000000707600000|  0%| F|  |TAMS 0x0000000707500000, 0x0000000707500000| Untracked 
|  96|0x0000000707600000, 0x0000000707600000, 0x0000000707700000|  0%| F|  |TAMS 0x0000000707600000, 0x0000000707600000| Untracked 
|  97|0x0000000707700000, 0x0000000707700000, 0x0000000707800000|  0%| F|  |TAMS 0x0000000707700000, 0x0000000707700000| Untracked 
|  98|0x0000000707800000, 0x0000000707800000, 0x0000000707900000|  0%| F|  |TAMS 0x0000000707800000, 0x0000000707800000| Untracked 
|  99|0x0000000707900000, 0x0000000707900000, 0x0000000707a00000|  0%| F|  |TAMS 0x0000000707900000, 0x0000000707900000| Untracked 
| 100|0x0000000707a00000, 0x0000000707a00000, 0x0000000707b00000|  0%| F|  |TAMS 0x0000000707a00000, 0x0000000707a00000| Untracked 
| 101|0x0000000707b00000, 0x0000000707b00000, 0x0000000707c00000|  0%| F|  |TAMS 0x0000000707b00000, 0x0000000707b00000| Untracked 
| 102|0x0000000707c00000, 0x0000000707c00000, 0x0000000707d00000|  0%| F|  |TAMS 0x0000000707c00000, 0x0000000707c00000| Untracked 
| 103|0x0000000707d00000, 0x0000000707d00000, 0x0000000707e00000|  0%| F|  |TAMS 0x0000000707d00000, 0x0000000707d00000| Untracked 
| 104|0x0000000707e00000, 0x0000000707e00000, 0x0000000707f00000|  0%| F|  |TAMS 0x0000000707e00000, 0x0000000707e00000| Untracked 
| 105|0x0000000707f00000, 0x0000000707f00000, 0x0000000708000000|  0%| F|  |TAMS 0x0000000707f00000, 0x0000000707f00000| Untracked 
| 106|0x0000000708000000, 0x0000000708000000, 0x0000000708100000|  0%| F|  |TAMS 0x0000000708000000, 0x0000000708000000| Untracked 
| 107|0x0000000708100000, 0x0000000708100000, 0x0000000708200000|  0%| F|  |TAMS 0x0000000708100000, 0x0000000708100000| Untracked 
| 108|0x0000000708200000, 0x0000000708200000, 0x0000000708300000|  0%| F|  |TAMS 0x0000000708200000, 0x0000000708200000| Untracked 
| 109|0x0000000708300000, 0x0000000708300000, 0x0000000708400000|  0%| F|  |TAMS 0x0000000708300000, 0x0000000708300000| Untracked 
| 110|0x0000000708400000, 0x0000000708400000, 0x0000000708500000|  0%| F|  |TAMS 0x0000000708400000, 0x0000000708400000| Untracked 
| 111|0x0000000708500000, 0x0000000708500000, 0x0000000708600000|  0%| F|  |TAMS 0x0000000708500000, 0x0000000708500000| Untracked 
| 112|0x0000000708600000, 0x0000000708600000, 0x0000000708700000|  0%| F|  |TAMS 0x0000000708600000, 0x0000000708600000| Untracked 
| 113|0x0000000708700000, 0x0000000708700000, 0x0000000708800000|  0%| F|  |TAMS 0x0000000708700000, 0x0000000708700000| Untracked 
| 114|0x0000000708800000, 0x0000000708800000, 0x0000000708900000|  0%| F|  |TAMS 0x0000000708800000, 0x0000000708800000| Untracked 
| 115|0x0000000708900000, 0x0000000708900000, 0x0000000708a00000|  0%| F|  |TAMS 0x0000000708900000, 0x0000000708900000| Untracked 
| 116|0x0000000708a00000, 0x0000000708a00000, 0x0000000708b00000|  0%| F|  |TAMS 0x0000000708a00000, 0x0000000708a00000| Untracked 
| 117|0x0000000708b00000, 0x0000000708b00000, 0x0000000708c00000|  0%| F|  |TAMS 0x0000000708b00000, 0x0000000708b00000| Untracked 
| 118|0x0000000708c00000, 0x0000000708c00000, 0x0000000708d00000|  0%| F|  |TAMS 0x0000000708c00000, 0x0000000708c00000| Untracked 
| 119|0x0000000708d00000, 0x0000000708d00000, 0x0000000708e00000|  0%| F|  |TAMS 0x0000000708d00000, 0x0000000708d00000| Untracked 
| 120|0x0000000708e00000, 0x0000000708e00000, 0x0000000708f00000|  0%| F|  |TAMS 0x0000000708e00000, 0x0000000708e00000| Untracked 
| 121|0x0000000708f00000, 0x0000000708f00000, 0x0000000709000000|  0%| F|  |TAMS 0x0000000708f00000, 0x0000000708f00000| Untracked 
| 122|0x0000000709000000, 0x0000000709000000, 0x0000000709100000|  0%| F|  |TAMS 0x0000000709000000, 0x0000000709000000| Untracked 
| 123|0x0000000709100000, 0x0000000709100000, 0x0000000709200000|  0%| F|  |TAMS 0x0000000709100000, 0x0000000709100000| Untracked 
| 124|0x0000000709200000, 0x0000000709200000, 0x0000000709300000|  0%| F|  |TAMS 0x0000000709200000, 0x0000000709200000| Untracked 
| 125|0x0000000709300000, 0x0000000709300000, 0x0000000709400000|  0%| F|  |TAMS 0x0000000709300000, 0x0000000709300000| Untracked 
| 126|0x0000000709400000, 0x0000000709400000, 0x0000000709500000|  0%| F|  |TAMS 0x0000000709400000, 0x0000000709400000| Untracked 
| 127|0x0000000709500000, 0x0000000709500000, 0x0000000709600000|  0%| F|  |TAMS 0x0000000709500000, 0x0000000709500000| Untracked 
| 128|0x0000000709600000, 0x0000000709600000, 0x0000000709700000|  0%| F|  |TAMS 0x0000000709600000, 0x0000000709600000| Untracked 
| 129|0x0000000709700000, 0x0000000709700000, 0x0000000709800000|  0%| F|  |TAMS 0x0000000709700000, 0x0000000709700000| Untracked 
| 130|0x0000000709800000, 0x0000000709800000, 0x0000000709900000|  0%| F|  |TAMS 0x0000000709800000, 0x0000000709800000| Untracked 
| 131|0x0000000709900000, 0x0000000709900000, 0x0000000709a00000|  0%| F|  |TAMS 0x0000000709900000, 0x0000000709900000| Untracked 
| 132|0x0000000709a00000, 0x0000000709a00000, 0x0000000709b00000|  0%| F|  |TAMS 0x0000000709a00000, 0x0000000709a00000| Untracked 
| 133|0x0000000709b00000, 0x0000000709b00000, 0x0000000709c00000|  0%| F|  |TAMS 0x0000000709b00000, 0x0000000709b00000| Untracked 
| 134|0x0000000709c00000, 0x0000000709c00000, 0x0000000709d00000|  0%| F|  |TAMS 0x0000000709c00000, 0x0000000709c00000| Untracked 
| 135|0x0000000709d00000, 0x0000000709d00000, 0x0000000709e00000|  0%| F|  |TAMS 0x0000000709d00000, 0x0000000709d00000| Untracked 
| 136|0x0000000709e00000, 0x0000000709e00000, 0x0000000709f00000|  0%| F|  |TAMS 0x0000000709e00000, 0x0000000709e00000| Untracked 
| 137|0x0000000709f00000, 0x0000000709f00000, 0x000000070a000000|  0%| F|  |TAMS 0x0000000709f00000, 0x0000000709f00000| Untracked 
| 138|0x000000070a000000, 0x000000070a000000, 0x000000070a100000|  0%| F|  |TAMS 0x000000070a000000, 0x000000070a000000| Untracked 
| 139|0x000000070a100000, 0x000000070a100000, 0x000000070a200000|  0%| F|  |TAMS 0x000000070a100000, 0x000000070a100000| Untracked 
| 140|0x000000070a200000, 0x000000070a200000, 0x000000070a300000|  0%| F|  |TAMS 0x000000070a200000, 0x000000070a200000| Untracked 
| 141|0x000000070a300000, 0x000000070a300000, 0x000000070a400000|  0%| F|  |TAMS 0x000000070a300000, 0x000000070a300000| Untracked 
| 142|0x000000070a400000, 0x000000070a400000, 0x000000070a500000|  0%| F|  |TAMS 0x000000070a400000, 0x000000070a400000| Untracked 
| 143|0x000000070a500000, 0x000000070a500000, 0x000000070a600000|  0%| F|  |TAMS 0x000000070a500000, 0x000000070a500000| Untracked 
| 144|0x000000070a600000, 0x000000070a600000, 0x000000070a700000|  0%| F|  |TAMS 0x000000070a600000, 0x000000070a600000| Untracked 
| 145|0x000000070a700000, 0x000000070a700000, 0x000000070a800000|  0%| F|  |TAMS 0x000000070a700000, 0x000000070a700000| Untracked 
| 146|0x000000070a800000, 0x000000070a800000, 0x000000070a900000|  0%| F|  |TAMS 0x000000070a800000, 0x000000070a800000| Untracked 
| 147|0x000000070a900000, 0x000000070a900000, 0x000000070aa00000|  0%| F|  |TAMS 0x000000070a900000, 0x000000070a900000| Untracked 
| 148|0x000000070aa00000, 0x000000070aa00000, 0x000000070ab00000|  0%| F|  |TAMS 0x000000070aa00000, 0x000000070aa00000| Untracked 
| 149|0x000000070ab00000, 0x000000070ab00000, 0x000000070ac00000|  0%| F|  |TAMS 0x000000070ab00000, 0x000000070ab00000| Untracked 
| 150|0x000000070ac00000, 0x000000070ac00000, 0x000000070ad00000|  0%| F|  |TAMS 0x000000070ac00000, 0x000000070ac00000| Untracked 
| 151|0x000000070ad00000, 0x000000070ad00000, 0x000000070ae00000|  0%| F|  |TAMS 0x000000070ad00000, 0x000000070ad00000| Untracked 
| 152|0x000000070ae00000, 0x000000070ae00000, 0x000000070af00000|  0%| F|  |TAMS 0x000000070ae00000, 0x000000070ae00000| Untracked 
| 153|0x000000070af00000, 0x000000070af00000, 0x000000070b000000|  0%| F|  |TAMS 0x000000070af00000, 0x000000070af00000| Untracked 
| 154|0x000000070b000000, 0x000000070b000000, 0x000000070b100000|  0%| F|  |TAMS 0x000000070b000000, 0x000000070b000000| Untracked 
| 155|0x000000070b100000, 0x000000070b100000, 0x000000070b200000|  0%| F|  |TAMS 0x000000070b100000, 0x000000070b100000| Untracked 
| 156|0x000000070b200000, 0x000000070b200000, 0x000000070b300000|  0%| F|  |TAMS 0x000000070b200000, 0x000000070b200000| Untracked 
| 157|0x000000070b300000, 0x000000070b300000, 0x000000070b400000|  0%| F|  |TAMS 0x000000070b300000, 0x000000070b300000| Untracked 
| 158|0x000000070b400000, 0x000000070b400000, 0x000000070b500000|  0%| F|  |TAMS 0x000000070b400000, 0x000000070b400000| Untracked 
| 159|0x000000070b500000, 0x000000070b500000, 0x000000070b600000|  0%| F|  |TAMS 0x000000070b500000, 0x000000070b500000| Untracked 
| 160|0x000000070b600000, 0x000000070b600000, 0x000000070b700000|  0%| F|  |TAMS 0x000000070b600000, 0x000000070b600000| Untracked 
| 161|0x000000070b700000, 0x000000070b700000, 0x000000070b800000|  0%| F|  |TAMS 0x000000070b700000, 0x000000070b700000| Untracked 
| 162|0x000000070b800000, 0x000000070b800000, 0x000000070b900000|  0%| F|  |TAMS 0x000000070b800000, 0x000000070b800000| Untracked 
| 163|0x000000070b900000, 0x000000070b900000, 0x000000070ba00000|  0%| F|  |TAMS 0x000000070b900000, 0x000000070b900000| Untracked 
| 164|0x000000070ba00000, 0x000000070ba00000, 0x000000070bb00000|  0%| F|  |TAMS 0x000000070ba00000, 0x000000070ba00000| Untracked 
| 165|0x000000070bb00000, 0x000000070bb00000, 0x000000070bc00000|  0%| F|  |TAMS 0x000000070bb00000, 0x000000070bb00000| Untracked 
| 166|0x000000070bc00000, 0x000000070bc00000, 0x000000070bd00000|  0%| F|  |TAMS 0x000000070bc00000, 0x000000070bc00000| Untracked 
| 167|0x000000070bd00000, 0x000000070bd00000, 0x000000070be00000|  0%| F|  |TAMS 0x000000070bd00000, 0x000000070bd00000| Untracked 
| 168|0x000000070be00000, 0x000000070be00000, 0x000000070bf00000|  0%| F|  |TAMS 0x000000070be00000, 0x000000070be00000| Untracked 
| 169|0x000000070bf00000, 0x000000070bf00000, 0x000000070c000000|  0%| F|  |TAMS 0x000000070bf00000, 0x000000070bf00000| Untracked 
| 170|0x000000070c000000, 0x000000070c000000, 0x000000070c100000|  0%| F|  |TAMS 0x000000070c000000, 0x000000070c000000| Untracked 
| 171|0x000000070c100000, 0x000000070c100000, 0x000000070c200000|  0%| F|  |TAMS 0x000000070c100000, 0x000000070c100000| Untracked 
| 172|0x000000070c200000, 0x000000070c200000, 0x000000070c300000|  0%| F|  |TAMS 0x000000070c200000, 0x000000070c200000| Untracked 
| 173|0x000000070c300000, 0x000000070c300000, 0x000000070c400000|  0%| F|  |TAMS 0x000000070c300000, 0x000000070c300000| Untracked 
| 174|0x000000070c400000, 0x000000070c400000, 0x000000070c500000|  0%| F|  |TAMS 0x000000070c400000, 0x000000070c400000| Untracked 
| 175|0x000000070c500000, 0x000000070c500000, 0x000000070c600000|  0%| F|  |TAMS 0x000000070c500000, 0x000000070c500000| Untracked 
| 176|0x000000070c600000, 0x000000070c600000, 0x000000070c700000|  0%| F|  |TAMS 0x000000070c600000, 0x000000070c600000| Untracked 
| 177|0x000000070c700000, 0x000000070c700000, 0x000000070c800000|  0%| F|  |TAMS 0x000000070c700000, 0x000000070c700000| Untracked 
| 178|0x000000070c800000, 0x000000070c800000, 0x000000070c900000|  0%| F|  |TAMS 0x000000070c800000, 0x000000070c800000| Untracked 
| 179|0x000000070c900000, 0x000000070c900000, 0x000000070ca00000|  0%| F|  |TAMS 0x000000070c900000, 0x000000070c900000| Untracked 
| 180|0x000000070ca00000, 0x000000070ca00000, 0x000000070cb00000|  0%| F|  |TAMS 0x000000070ca00000, 0x000000070ca00000| Untracked 
| 181|0x000000070cb00000, 0x000000070cb00000, 0x000000070cc00000|  0%| F|  |TAMS 0x000000070cb00000, 0x000000070cb00000| Untracked 
| 182|0x000000070cc00000, 0x000000070cc00000, 0x000000070cd00000|  0%| F|  |TAMS 0x000000070cc00000, 0x000000070cc00000| Untracked 
| 183|0x000000070cd00000, 0x000000070cd00000, 0x000000070ce00000|  0%| F|  |TAMS 0x000000070cd00000, 0x000000070cd00000| Untracked 
| 184|0x000000070ce00000, 0x000000070ce00000, 0x000000070cf00000|  0%| F|  |TAMS 0x000000070ce00000, 0x000000070ce00000| Untracked 
| 185|0x000000070cf00000, 0x000000070cf00000, 0x000000070d000000|  0%| F|  |TAMS 0x000000070cf00000, 0x000000070cf00000| Untracked 
| 186|0x000000070d000000, 0x000000070d100000, 0x000000070d100000|100%| S|CS|TAMS 0x000000070d000000, 0x000000070d000000| Complete 
| 187|0x000000070d100000, 0x000000070d200000, 0x000000070d200000|100%| S|CS|TAMS 0x000000070d100000, 0x000000070d100000| Complete 
| 188|0x000000070d200000, 0x000000070d300000, 0x000000070d300000|100%| S|CS|TAMS 0x000000070d200000, 0x000000070d200000| Complete 
| 189|0x000000070d300000, 0x000000070d400000, 0x000000070d400000|100%| S|CS|TAMS 0x000000070d300000, 0x000000070d300000| Complete 
| 190|0x000000070d400000, 0x000000070d500000, 0x000000070d500000|100%| S|CS|TAMS 0x000000070d400000, 0x000000070d400000| Complete 
| 191|0x000000070d500000, 0x000000070d600000, 0x000000070d600000|100%| S|CS|TAMS 0x000000070d500000, 0x000000070d500000| Complete 
| 192|0x000000070d600000, 0x000000070d700000, 0x000000070d700000|100%| S|CS|TAMS 0x000000070d600000, 0x000000070d600000| Complete 
| 193|0x000000070d700000, 0x000000070d800000, 0x000000070d800000|100%| S|CS|TAMS 0x000000070d700000, 0x000000070d700000| Complete 
| 194|0x000000070d800000, 0x000000070d800000, 0x000000070d900000|  0%| F|  |TAMS 0x000000070d800000, 0x000000070d800000| Untracked 
| 195|0x000000070d900000, 0x000000070d900000, 0x000000070da00000|  0%| F|  |TAMS 0x000000070d900000, 0x000000070d900000| Untracked 
| 196|0x000000070da00000, 0x000000070da00000, 0x000000070db00000|  0%| F|  |TAMS 0x000000070da00000, 0x000000070da00000| Untracked 
| 197|0x000000070db00000, 0x000000070db00000, 0x000000070dc00000|  0%| F|  |TAMS 0x000000070db00000, 0x000000070db00000| Untracked 
| 198|0x000000070dc00000, 0x000000070dc00000, 0x000000070dd00000|  0%| F|  |TAMS 0x000000070dc00000, 0x000000070dc00000| Untracked 
| 199|0x000000070dd00000, 0x000000070dd00000, 0x000000070de00000|  0%| F|  |TAMS 0x000000070dd00000, 0x000000070dd00000| Untracked 
| 200|0x000000070de00000, 0x000000070de00000, 0x000000070df00000|  0%| F|  |TAMS 0x000000070de00000, 0x000000070de00000| Untracked 
| 201|0x000000070df00000, 0x000000070df00000, 0x000000070e000000|  0%| F|  |TAMS 0x000000070df00000, 0x000000070df00000| Untracked 
| 202|0x000000070e000000, 0x000000070e000000, 0x000000070e100000|  0%| F|  |TAMS 0x000000070e000000, 0x000000070e000000| Untracked 
| 203|0x000000070e100000, 0x000000070e100000, 0x000000070e200000|  0%| F|  |TAMS 0x000000070e100000, 0x000000070e100000| Untracked 
| 204|0x000000070e200000, 0x000000070e200000, 0x000000070e300000|  0%| F|  |TAMS 0x000000070e200000, 0x000000070e200000| Untracked 
| 205|0x000000070e300000, 0x000000070e300000, 0x000000070e400000|  0%| F|  |TAMS 0x000000070e300000, 0x000000070e300000| Untracked 
| 206|0x000000070e400000, 0x000000070e400000, 0x000000070e500000|  0%| F|  |TAMS 0x000000070e400000, 0x000000070e400000| Untracked 
| 207|0x000000070e500000, 0x000000070e500000, 0x000000070e600000|  0%| F|  |TAMS 0x000000070e500000, 0x000000070e500000| Untracked 
| 208|0x000000070e600000, 0x000000070e600000, 0x000000070e700000|  0%| F|  |TAMS 0x000000070e600000, 0x000000070e600000| Untracked 
| 209|0x000000070e700000, 0x000000070e700000, 0x000000070e800000|  0%| F|  |TAMS 0x000000070e700000, 0x000000070e700000| Untracked 
| 210|0x000000070e800000, 0x000000070e800000, 0x000000070e900000|  0%| F|  |TAMS 0x000000070e800000, 0x000000070e800000| Untracked 
| 211|0x000000070e900000, 0x000000070e900000, 0x000000070ea00000|  0%| F|  |TAMS 0x000000070e900000, 0x000000070e900000| Untracked 
| 212|0x000000070ea00000, 0x000000070ea00000, 0x000000070eb00000|  0%| F|  |TAMS 0x000000070ea00000, 0x000000070ea00000| Untracked 
| 213|0x000000070eb00000, 0x000000070eb00000, 0x000000070ec00000|  0%| F|  |TAMS 0x000000070eb00000, 0x000000070eb00000| Untracked 
| 214|0x000000070ec00000, 0x000000070ec00000, 0x000000070ed00000|  0%| F|  |TAMS 0x000000070ec00000, 0x000000070ec00000| Untracked 
| 215|0x000000070ed00000, 0x000000070ed00000, 0x000000070ee00000|  0%| F|  |TAMS 0x000000070ed00000, 0x000000070ed00000| Untracked 
| 216|0x000000070ee00000, 0x000000070ee00000, 0x000000070ef00000|  0%| F|  |TAMS 0x000000070ee00000, 0x000000070ee00000| Untracked 
| 217|0x000000070ef00000, 0x000000070ef00000, 0x000000070f000000|  0%| F|  |TAMS 0x000000070ef00000, 0x000000070ef00000| Untracked 
| 218|0x000000070f000000, 0x000000070f000000, 0x000000070f100000|  0%| F|  |TAMS 0x000000070f000000, 0x000000070f000000| Untracked 
| 219|0x000000070f100000, 0x000000070f100000, 0x000000070f200000|  0%| F|  |TAMS 0x000000070f100000, 0x000000070f100000| Untracked 
| 220|0x000000070f200000, 0x000000070f200000, 0x000000070f300000|  0%| F|  |TAMS 0x000000070f200000, 0x000000070f200000| Untracked 
| 221|0x000000070f300000, 0x000000070f300000, 0x000000070f400000|  0%| F|  |TAMS 0x000000070f300000, 0x000000070f300000| Untracked 
| 222|0x000000070f400000, 0x000000070f400000, 0x000000070f500000|  0%| F|  |TAMS 0x000000070f400000, 0x000000070f400000| Untracked 
| 223|0x000000070f500000, 0x000000070f500000, 0x000000070f600000|  0%| F|  |TAMS 0x000000070f500000, 0x000000070f500000| Untracked 
| 224|0x000000070f600000, 0x000000070f600000, 0x000000070f700000|  0%| F|  |TAMS 0x000000070f600000, 0x000000070f600000| Untracked 
| 225|0x000000070f700000, 0x000000070f700000, 0x000000070f800000|  0%| F|  |TAMS 0x000000070f700000, 0x000000070f700000| Untracked 
| 226|0x000000070f800000, 0x000000070f800000, 0x000000070f900000|  0%| F|  |TAMS 0x000000070f800000, 0x000000070f800000| Untracked 
| 227|0x000000070f900000, 0x000000070f900000, 0x000000070fa00000|  0%| F|  |TAMS 0x000000070f900000, 0x000000070f900000| Untracked 
| 228|0x000000070fa00000, 0x000000070fa00000, 0x000000070fb00000|  0%| F|  |TAMS 0x000000070fa00000, 0x000000070fa00000| Untracked 
| 229|0x000000070fb00000, 0x000000070fb00000, 0x000000070fc00000|  0%| F|  |TAMS 0x000000070fb00000, 0x000000070fb00000| Untracked 
| 230|0x000000070fc00000, 0x000000070fc00000, 0x000000070fd00000|  0%| F|  |TAMS 0x000000070fc00000, 0x000000070fc00000| Untracked 
| 231|0x000000070fd00000, 0x000000070fd00000, 0x000000070fe00000|  0%| F|  |TAMS 0x000000070fd00000, 0x000000070fd00000| Untracked 
| 232|0x000000070fe00000, 0x000000070fe00000, 0x000000070ff00000|  0%| F|  |TAMS 0x000000070fe00000, 0x000000070fe00000| Untracked 
| 233|0x000000070ff00000, 0x000000070ff00000, 0x0000000710000000|  0%| F|  |TAMS 0x000000070ff00000, 0x000000070ff00000| Untracked 
| 234|0x0000000710000000, 0x0000000710000000, 0x0000000710100000|  0%| F|  |TAMS 0x0000000710000000, 0x0000000710000000| Untracked 
| 235|0x0000000710100000, 0x0000000710100000, 0x0000000710200000|  0%| F|  |TAMS 0x0000000710100000, 0x0000000710100000| Untracked 
| 236|0x0000000710200000, 0x0000000710200000, 0x0000000710300000|  0%| F|  |TAMS 0x0000000710200000, 0x0000000710200000| Untracked 
| 237|0x0000000710300000, 0x0000000710300000, 0x0000000710400000|  0%| F|  |TAMS 0x0000000710300000, 0x0000000710300000| Untracked 
| 238|0x0000000710400000, 0x0000000710400000, 0x0000000710500000|  0%| F|  |TAMS 0x0000000710400000, 0x0000000710400000| Untracked 
| 239|0x0000000710500000, 0x0000000710500000, 0x0000000710600000|  0%| F|  |TAMS 0x0000000710500000, 0x0000000710500000| Untracked 
| 240|0x0000000710600000, 0x0000000710600000, 0x0000000710700000|  0%| F|  |TAMS 0x0000000710600000, 0x0000000710600000| Untracked 
| 241|0x0000000710700000, 0x0000000710700000, 0x0000000710800000|  0%| F|  |TAMS 0x0000000710700000, 0x0000000710700000| Untracked 
| 242|0x0000000710800000, 0x0000000710800000, 0x0000000710900000|  0%| F|  |TAMS 0x0000000710800000, 0x0000000710800000| Untracked 
| 243|0x0000000710900000, 0x0000000710900000, 0x0000000710a00000|  0%| F|  |TAMS 0x0000000710900000, 0x0000000710900000| Untracked 
| 244|0x0000000710a00000, 0x0000000710a00000, 0x0000000710b00000|  0%| F|  |TAMS 0x0000000710a00000, 0x0000000710a00000| Untracked 
| 245|0x0000000710b00000, 0x0000000710b00000, 0x0000000710c00000|  0%| F|  |TAMS 0x0000000710b00000, 0x0000000710b00000| Untracked 
| 246|0x0000000710c00000, 0x0000000710c00000, 0x0000000710d00000|  0%| F|  |TAMS 0x0000000710c00000, 0x0000000710c00000| Untracked 
| 247|0x0000000710d00000, 0x0000000710d00000, 0x0000000710e00000|  0%| F|  |TAMS 0x0000000710d00000, 0x0000000710d00000| Untracked 
| 248|0x0000000710e00000, 0x0000000710e00000, 0x0000000710f00000|  0%| F|  |TAMS 0x0000000710e00000, 0x0000000710e00000| Untracked 
| 249|0x0000000710f00000, 0x0000000710f00000, 0x0000000711000000|  0%| F|  |TAMS 0x0000000710f00000, 0x0000000710f00000| Untracked 
| 250|0x0000000711000000, 0x0000000711000000, 0x0000000711100000|  0%| F|  |TAMS 0x0000000711000000, 0x0000000711000000| Untracked 
| 251|0x0000000711100000, 0x0000000711100000, 0x0000000711200000|  0%| F|  |TAMS 0x0000000711100000, 0x0000000711100000| Untracked 
| 252|0x0000000711200000, 0x0000000711200000, 0x0000000711300000|  0%| F|  |TAMS 0x0000000711200000, 0x0000000711200000| Untracked 
| 253|0x0000000711300000, 0x0000000711300000, 0x0000000711400000|  0%| F|  |TAMS 0x0000000711300000, 0x0000000711300000| Untracked 
| 254|0x0000000711400000, 0x0000000711400000, 0x0000000711500000|  0%| F|  |TAMS 0x0000000711400000, 0x0000000711400000| Untracked 
| 255|0x0000000711500000, 0x0000000711500000, 0x0000000711600000|  0%| F|  |TAMS 0x0000000711500000, 0x0000000711500000| Untracked 
| 256|0x0000000711600000, 0x0000000711600000, 0x0000000711700000|  0%| F|  |TAMS 0x0000000711600000, 0x0000000711600000| Untracked 
| 257|0x0000000711700000, 0x0000000711700000, 0x0000000711800000|  0%| F|  |TAMS 0x0000000711700000, 0x0000000711700000| Untracked 
| 258|0x0000000711800000, 0x0000000711800000, 0x0000000711900000|  0%| F|  |TAMS 0x0000000711800000, 0x0000000711800000| Untracked 
| 259|0x0000000711900000, 0x0000000711900000, 0x0000000711a00000|  0%| F|  |TAMS 0x0000000711900000, 0x0000000711900000| Untracked 
| 260|0x0000000711a00000, 0x0000000711a00000, 0x0000000711b00000|  0%| F|  |TAMS 0x0000000711a00000, 0x0000000711a00000| Untracked 
| 261|0x0000000711b00000, 0x0000000711b00000, 0x0000000711c00000|  0%| F|  |TAMS 0x0000000711b00000, 0x0000000711b00000| Untracked 
| 262|0x0000000711c00000, 0x0000000711c00000, 0x0000000711d00000|  0%| F|  |TAMS 0x0000000711c00000, 0x0000000711c00000| Untracked 
| 263|0x0000000711d00000, 0x0000000711d00000, 0x0000000711e00000|  0%| F|  |TAMS 0x0000000711d00000, 0x0000000711d00000| Untracked 
| 264|0x0000000711e00000, 0x0000000711e00000, 0x0000000711f00000|  0%| F|  |TAMS 0x0000000711e00000, 0x0000000711e00000| Untracked 
| 265|0x0000000711f00000, 0x0000000711f00000, 0x0000000712000000|  0%| F|  |TAMS 0x0000000711f00000, 0x0000000711f00000| Untracked 
| 266|0x0000000712000000, 0x0000000712000000, 0x0000000712100000|  0%| F|  |TAMS 0x0000000712000000, 0x0000000712000000| Untracked 
| 267|0x0000000712100000, 0x0000000712100000, 0x0000000712200000|  0%| F|  |TAMS 0x0000000712100000, 0x0000000712100000| Untracked 
| 268|0x0000000712200000, 0x0000000712200000, 0x0000000712300000|  0%| F|  |TAMS 0x0000000712200000, 0x0000000712200000| Untracked 
| 269|0x0000000712300000, 0x0000000712300000, 0x0000000712400000|  0%| F|  |TAMS 0x0000000712300000, 0x0000000712300000| Untracked 
| 270|0x0000000712400000, 0x0000000712400000, 0x0000000712500000|  0%| F|  |TAMS 0x0000000712400000, 0x0000000712400000| Untracked 
| 271|0x0000000712500000, 0x0000000712500000, 0x0000000712600000|  0%| F|  |TAMS 0x0000000712500000, 0x0000000712500000| Untracked 
| 272|0x0000000712600000, 0x0000000712600000, 0x0000000712700000|  0%| F|  |TAMS 0x0000000712600000, 0x0000000712600000| Untracked 
| 273|0x0000000712700000, 0x0000000712700000, 0x0000000712800000|  0%| F|  |TAMS 0x0000000712700000, 0x0000000712700000| Untracked 
| 274|0x0000000712800000, 0x0000000712800000, 0x0000000712900000|  0%| F|  |TAMS 0x0000000712800000, 0x0000000712800000| Untracked 
| 275|0x0000000712900000, 0x0000000712900000, 0x0000000712a00000|  0%| F|  |TAMS 0x0000000712900000, 0x0000000712900000| Untracked 
| 276|0x0000000712a00000, 0x0000000712a00000, 0x0000000712b00000|  0%| F|  |TAMS 0x0000000712a00000, 0x0000000712a00000| Untracked 
| 277|0x0000000712b00000, 0x0000000712b00000, 0x0000000712c00000|  0%| F|  |TAMS 0x0000000712b00000, 0x0000000712b00000| Untracked 
| 278|0x0000000712c00000, 0x0000000712c00000, 0x0000000712d00000|  0%| F|  |TAMS 0x0000000712c00000, 0x0000000712c00000| Untracked 
| 279|0x0000000712d00000, 0x0000000712d00000, 0x0000000712e00000|  0%| F|  |TAMS 0x0000000712d00000, 0x0000000712d00000| Untracked 
| 280|0x0000000712e00000, 0x0000000712e00000, 0x0000000712f00000|  0%| F|  |TAMS 0x0000000712e00000, 0x0000000712e00000| Untracked 
| 281|0x0000000712f00000, 0x0000000712f00000, 0x0000000713000000|  0%| F|  |TAMS 0x0000000712f00000, 0x0000000712f00000| Untracked 
| 282|0x0000000713000000, 0x0000000713000000, 0x0000000713100000|  0%| F|  |TAMS 0x0000000713000000, 0x0000000713000000| Untracked 
| 283|0x0000000713100000, 0x0000000713100000, 0x0000000713200000|  0%| F|  |TAMS 0x0000000713100000, 0x0000000713100000| Untracked 
| 284|0x0000000713200000, 0x0000000713200000, 0x0000000713300000|  0%| F|  |TAMS 0x0000000713200000, 0x0000000713200000| Untracked 
| 285|0x0000000713300000, 0x0000000713300000, 0x0000000713400000|  0%| F|  |TAMS 0x0000000713300000, 0x0000000713300000| Untracked 
| 286|0x0000000713400000, 0x0000000713400000, 0x0000000713500000|  0%| F|  |TAMS 0x0000000713400000, 0x0000000713400000| Untracked 
| 287|0x0000000713500000, 0x0000000713500000, 0x0000000713600000|  0%| F|  |TAMS 0x0000000713500000, 0x0000000713500000| Untracked 
| 288|0x0000000713600000, 0x0000000713600000, 0x0000000713700000|  0%| F|  |TAMS 0x0000000713600000, 0x0000000713600000| Untracked 
| 289|0x0000000713700000, 0x0000000713700000, 0x0000000713800000|  0%| F|  |TAMS 0x0000000713700000, 0x0000000713700000| Untracked 
| 290|0x0000000713800000, 0x0000000713800000, 0x0000000713900000|  0%| F|  |TAMS 0x0000000713800000, 0x0000000713800000| Untracked 
| 291|0x0000000713900000, 0x0000000713900000, 0x0000000713a00000|  0%| F|  |TAMS 0x0000000713900000, 0x0000000713900000| Untracked 
| 292|0x0000000713a00000, 0x0000000713a00000, 0x0000000713b00000|  0%| F|  |TAMS 0x0000000713a00000, 0x0000000713a00000| Untracked 
| 293|0x0000000713b00000, 0x0000000713b00000, 0x0000000713c00000|  0%| F|  |TAMS 0x0000000713b00000, 0x0000000713b00000| Untracked 
| 294|0x0000000713c00000, 0x0000000713c00000, 0x0000000713d00000|  0%| F|  |TAMS 0x0000000713c00000, 0x0000000713c00000| Untracked 
| 295|0x0000000713d00000, 0x0000000713d00000, 0x0000000713e00000|  0%| F|  |TAMS 0x0000000713d00000, 0x0000000713d00000| Untracked 
| 296|0x0000000713e00000, 0x0000000713e00000, 0x0000000713f00000|  0%| F|  |TAMS 0x0000000713e00000, 0x0000000713e00000| Untracked 
| 297|0x0000000713f00000, 0x0000000713f00000, 0x0000000714000000|  0%| F|  |TAMS 0x0000000713f00000, 0x0000000713f00000| Untracked 
| 298|0x0000000714000000, 0x0000000714000000, 0x0000000714100000|  0%| F|  |TAMS 0x0000000714000000, 0x0000000714000000| Untracked 
| 299|0x0000000714100000, 0x0000000714100000, 0x0000000714200000|  0%| F|  |TAMS 0x0000000714100000, 0x0000000714100000| Untracked 
| 300|0x0000000714200000, 0x0000000714300000, 0x0000000714300000|100%| E|  |TAMS 0x0000000714200000, 0x0000000714200000| Complete 
| 301|0x0000000714300000, 0x0000000714400000, 0x0000000714400000|100%| E|CS|TAMS 0x0000000714300000, 0x0000000714300000| Complete 
| 302|0x0000000714400000, 0x0000000714500000, 0x0000000714500000|100%| E|CS|TAMS 0x0000000714400000, 0x0000000714400000| Complete 
| 303|0x0000000714500000, 0x0000000714600000, 0x0000000714600000|100%| E|CS|TAMS 0x0000000714500000, 0x0000000714500000| Complete 
| 304|0x0000000714600000, 0x0000000714700000, 0x0000000714700000|100%| E|CS|TAMS 0x0000000714600000, 0x0000000714600000| Complete 
| 305|0x0000000714700000, 0x0000000714800000, 0x0000000714800000|100%| E|CS|TAMS 0x0000000714700000, 0x0000000714700000| Complete 
| 306|0x0000000714800000, 0x0000000714900000, 0x0000000714900000|100%| E|CS|TAMS 0x0000000714800000, 0x0000000714800000| Complete 
| 307|0x0000000714900000, 0x0000000714a00000, 0x0000000714a00000|100%| E|CS|TAMS 0x0000000714900000, 0x0000000714900000| Complete 

Card table byte_map: [0x000001c7c38f0000,0x000001c7c40f0000] _byte_map_base: 0x000001c7c00e5000

Marking Bits (Prev, Next): (CMBitMap*) 0x000001c7abd58098, (CMBitMap*) 0x000001c7abd580d0
 Prev Bits: [0x000001c7c48f0000, 0x000001c7c8898000)
 Next Bits: [0x000001c7c88a0000, 0x000001c7cc848000)

Polling page: 0x000001c7a9cc0000

Metaspace:

Usage:
  Non-class:     31.28 MB capacity,    30.65 MB ( 98%) used,   529.85 KB (  2%) free+waste,   113.38 KB ( <1%) overhead. 
      Class:      4.40 MB capacity,     4.01 MB ( 91%) used,   343.73 KB (  8%) free+waste,    53.31 KB (  1%) overhead. 
       Both:     35.68 MB capacity,    34.67 MB ( 97%) used,   873.59 KB (  2%) free+waste,   166.69 KB ( <1%) overhead. 

Virtual space:
  Non-class space:       32.00 MB reserved,      31.42 MB ( 98%) committed 
      Class space:        1.00 GB reserved,       4.50 MB ( <1%) committed 
             Both:        1.03 GB reserved,      35.92 MB (  3%) committed 

Chunk freelists:
   Non-Class:  1.88 KB
       Class:  896 bytes
        Both:  2.75 KB

CodeHeap 'non-profiled nmethods': size=120064Kb used=1557Kb max_used=1557Kb free=118506Kb
 bounds [0x000001c7bbbb0000, 0x000001c7bbe20000, 0x000001c7c30f0000]
CodeHeap 'profiled nmethods': size=120000Kb used=7984Kb max_used=7984Kb free=112015Kb
 bounds [0x000001c7b4680000, 0x000001c7b4e50000, 0x000001c7bbbb0000]
CodeHeap 'non-nmethods': size=5696Kb used=1141Kb max_used=1176Kb free=4554Kb
 bounds [0x000001c7b40f0000, 0x000001c7b4360000, 0x000001c7b4680000]
 total_blobs=4671 nmethods=3414 adapters=372
 compilation: enabled
              stopped_count=0, restarted_count=0
 full_count=0

Compilation events (10 events):
Event: 3.246 Thread 0x000001c7cf6c2000 3437       1       com.sun.org.apache.xalan.internal.utils.XMLSecurityManager$Limit::systemProperty (5 bytes)
Event: 3.246 Thread 0x000001c7cf6c2000 nmethod 3437 0x000001c7bbd2e290 code [0x000001c7bbd2e420, 0x000001c7bbd2e538]
Event: 3.246 Thread 0x000001c7cf6c2000 3438       3       java.lang.System::getProperty (25 bytes)
Event: 3.247 Thread 0x000001c7cf6c2000 nmethod 3438 0x000001c7b4e3d790 code [0x000001c7b4e3d9a0, 0x000001c7b4e3e010]
Event: 3.247 Thread 0x000001c7cf6c2000 3439       3       com.fasterxml.jackson.databind.module.SimpleModule::_checkNotNull (26 bytes)
Event: 3.247 Thread 0x000001c7cf6c2000 nmethod 3439 0x000001c7b4e3e210 code [0x000001c7b4e3e4a0, 0x000001c7b4e3f0b0]
Event: 3.247 Thread 0x000001c7cf6c2000 3440       1       com.fasterxml.jackson.databind.type.ClassKey::hashCode (5 bytes)
Event: 3.247 Thread 0x000001c7cf6c2000 nmethod 3440 0x000001c7bbd2e590 code [0x000001c7bbd2e720, 0x000001c7bbd2e838]
Event: 3.247 Thread 0x000001c7cf6c2000 3441       3       org.springframework.util.ReflectionUtils::findMethod (109 bytes)
Event: 3.248 Thread 0x000001c7cf6c2000 nmethod 3441 0x000001c7b4e3f490 code [0x000001c7b4e3f760, 0x000001c7b4e40520]

GC Heap History (10 events):
Event: 0.660 GC heap before
{Heap before GC invocations=1 (full 0):
 garbage-first heap   total 262144K, used 47825K [0x0000000701600000, 0x0000000800000000)
  region size 1024K, 44 young (45056K), 2 survivors (2048K)
 Metaspace       used 11373K, capacity 11638K, committed 11776K, reserved 1060864K
  class space    used 1087K, capacity 1176K, committed 1280K, reserved 1048576K
}
Event: 0.662 GC heap after
{Heap after GC invocations=2 (full 0):
 garbage-first heap   total 262144K, used 6212K [0x0000000701600000, 0x0000000800000000)
  region size 1024K, 3 young (3072K), 3 survivors (3072K)
 Metaspace       used 11373K, capacity 11638K, committed 11776K, reserved 1060864K
  class space    used 1087K, capacity 1176K, committed 1280K, reserved 1048576K
}
Event: 1.190 GC heap before
{Heap before GC invocations=2 (full 0):
 garbage-first heap   total 262144K, used 41028K [0x0000000701600000, 0x0000000800000000)
  region size 1024K, 39 young (39936K), 3 survivors (3072K)
 Metaspace       used 20730K, capacity 21182K, committed 21296K, reserved 1069056K
  class space    used 2226K, capacity 2401K, committed 2432K, reserved 1048576K
}
Event: 1.194 GC heap after
{Heap after GC invocations=3 (full 0):
 garbage-first heap   total 262144K, used 8081K [0x0000000701600000, 0x0000000800000000)
  region size 1024K, 5 young (5120K), 5 survivors (5120K)
 Metaspace       used 20730K, capacity 21182K, committed 21296K, reserved 1069056K
  class space    used 2226K, capacity 2401K, committed 2432K, reserved 1048576K
}
Event: 1.601 GC heap before
{Heap before GC invocations=4 (full 0):
 garbage-first heap   total 262144K, used 60305K [0x0000000701600000, 0x0000000800000000)
  region size 1024K, 57 young (58368K), 5 survivors (5120K)
 Metaspace       used 24155K, capacity 24726K, committed 24880K, reserved 1071104K
  class space    used 2670K, capacity 2897K, committed 2944K, reserved 1048576K
}
Event: 1.606 GC heap after
{Heap after GC invocations=5 (full 0):
 garbage-first heap   total 262144K, used 9182K [0x0000000701600000, 0x0000000800000000)
  region size 1024K, 4 young (4096K), 4 survivors (4096K)
 Metaspace       used 24155K, capacity 24726K, committed 24880K, reserved 1071104K
  class space    used 2670K, capacity 2897K, committed 2944K, reserved 1048576K
}
Event: 3.085 GC heap before
{Heap before GC invocations=5 (full 0):
 garbage-first heap   total 262144K, used 160734K [0x0000000701600000, 0x0000000800000000)
  region size 1024K, 153 young (156672K), 4 survivors (4096K)
 Metaspace       used 34112K, capacity 35096K, committed 35248K, reserved 1081344K
  class space    used 3942K, capacity 4322K, committed 4352K, reserved 1048576K
}
Event: 3.092 GC heap after
{Heap after GC invocations=6 (full 0):
 garbage-first heap   total 262144K, used 13602K [0x0000000701600000, 0x0000000800000000)
  region size 1024K, 8 young (8192K), 8 survivors (8192K)
 Metaspace       used 34112K, capacity 35096K, committed 35248K, reserved 1081344K
  class space    used 3942K, capacity 4322K, committed 4352K, reserved 1048576K
}
Event: 3.188 GC heap before
{Heap before GC invocations=6 (full 0):
 garbage-first heap   total 262144K, used 75042K [0x0000000701600000, 0x0000000800000000)
  region size 1024K, 70 young (71680K), 8 survivors (8192K)
 Metaspace       used 34773K, capacity 35755K, committed 35888K, reserved 1081344K
  class space    used 4003K, capacity 4392K, committed 4480K, reserved 1048576K
}
Event: 3.196 GC heap after
{Heap after GC invocations=7 (full 0):
 garbage-first heap   total 315392K, used 14025K [0x0000000701600000, 0x0000000800000000)
  region size 1024K, 8 young (8192K), 8 survivors (8192K)
 Metaspace       used 34773K, capacity 35755K, committed 35888K, reserved 1081344K
  class space    used 4003K, capacity 4392K, committed 4480K, reserved 1048576K
}

Deoptimization events (10 events):
Event: 2.869 Thread 0x000001c7d06de800 Uncommon trap: reason=unstable_if action=reinterpret pc=0x000001c7bbc7a2a8 method=java.util.concurrent.ConcurrentHashMap.get(Ljava/lang/Object;)Ljava/lang/Object; @ 152 c2
Event: 2.878 Thread 0x000001c7d06de800 Uncommon trap: reason=unstable_if action=reinterpret pc=0x000001c7bbcadfbc method=java.util.LinkedHashMap.get(Ljava/lang/Object;)Ljava/lang/Object; @ 20 c2
Event: 3.024 Thread 0x000001c7d06de800 Uncommon trap: reason=unstable_if action=reinterpret pc=0x000001c7bbc73b1c method=java.util.Properties.loadConvert([CIILjava/lang/StringBuilder;)Ljava/lang/String; @ 130 c2
Event: 3.024 Thread 0x000001c7d06de800 Uncommon trap: reason=unstable_if action=reinterpret pc=0x000001c7bbc023c4 method=java.lang.StringBuilder.toString()Ljava/lang/String; @ 4 c2
Event: 3.113 Thread 0x000001c7d06de800 Uncommon trap: reason=unstable_if action=reinterpret pc=0x000001c7bbd19190 method=java.util.Properties$LineReader.readLine()I @ 249 c2
Event: 3.135 Thread 0x000001c7d06de800 Uncommon trap: reason=null_check action=make_not_entrant pc=0x000001c7bbc47348 method=java.net.URL.getURLStreamHandler(Ljava/lang/String;)Ljava/net/URLStreamHandler; @ 7 c2
Event: 3.138 Thread 0x000001c7d06de800 Uncommon trap: reason=class_check action=maybe_recompile pc=0x000001c7bbcb1658 method=java.util.zip.InflaterInputStream.read([BII)I @ 100 c2
Event: 3.138 Thread 0x000001c7d06de800 Uncommon trap: reason=class_check action=maybe_recompile pc=0x000001c7bbcb1658 method=java.util.zip.InflaterInputStream.read([BII)I @ 100 c2
Event: 3.140 Thread 0x000001c7d06de800 Uncommon trap: reason=class_check action=maybe_recompile pc=0x000001c7bbcb1658 method=java.util.zip.InflaterInputStream.read([BII)I @ 100 c2
Event: 3.140 Thread 0x000001c7d06de800 Uncommon trap: reason=class_check action=maybe_recompile pc=0x000001c7bbcb1658 method=java.util.zip.InflaterInputStream.read([BII)I @ 100 c2

Classes redefined (0 events):
No events

Internal exceptions (10 events):
Event: 2.778 Thread 0x000001c7d06de800 Implicit null exception at 0x000001c7bbcd7893 to 0x000001c7bbcd7c1a
Event: 2.803 Thread 0x000001c7d06de800 Implicit null exception at 0x000001c7bbcd8657 to 0x000001c7bbcd8866
Event: 2.818 Thread 0x000001c7d06de800 Exception <a 'java/lang/NoSuchMethodError'{0x0000000709b0d6e8}: java.lang.invoke.DirectMethodHandle$Holder.invokeInterface(Ljava/lang/Object;Ljava/lang/Object;I)V> (0x0000000709b0d6e8) thrown at [./open/src/hotspot/share/interpreter/linkResolver.cpp, line
Event: 2.823 Thread 0x000001c7d06de800 Exception <a 'java/lang/IncompatibleClassChangeError'{0x0000000709b58f00}: Found class java.lang.Object, but interface was expected> (0x0000000709b58f00) thrown at [./open/src/hotspot/share/interpreter/linkResolver.cpp, line 838]
Event: 2.823 Thread 0x000001c7d06de800 Exception <a 'java/lang/NoSuchMethodError'{0x0000000709b5dd80}: java.lang.invoke.DirectMethodHandle$Holder.invokeStatic(Ljava/lang/Object;ILjava/lang/Object;)V> (0x0000000709b5dd80) thrown at [./open/src/hotspot/share/interpreter/linkResolver.cpp, line 77
Event: 2.897 Thread 0x000001c7d06de800 Exception <a 'java/lang/NoSuchMethodError'{0x00000007097b2b48}: java.lang.invoke.DirectMethodHandle$Holder.invokeStaticInit(Ljava/lang/Object;IIII)Ljava/lang/Object;> (0x00000007097b2b48) thrown at [./open/src/hotspot/share/interpreter/linkResolver.cpp, l
Event: 2.964 Thread 0x000001c7d06de800 Exception <a 'java/lang/NoSuchMethodError'{0x00000007097e88e0}: java.lang.invoke.DirectMethodHandle$Holder.invokeStaticInit(Ljava/lang/Object;Ljava/lang/Object;IIII)Ljava/lang/Object;> (0x00000007097e88e0) thrown at [./open/src/hotspot/share/interpreter/l
Event: 3.135 Thread 0x000001c7d06de800 Implicit null exception at 0x000001c7bbc4546c to 0x000001c7bbc4733a
Event: 3.217 Thread 0x000001c7d06de800 Exception <a 'java/io/FileNotFoundException'{0x0000000714804088}> (0x0000000714804088) thrown at [./open/src/hotspot/share/prims/jni.cpp, line 611]
Event: 3.235 Thread 0x000001c7d06de800 Exception <a 'java/lang/NoSuchMethodError'{0x000000071476dc78}: java.lang.invoke.DirectMethodHandle$Holder.invokeInterface(Ljava/lang/Object;Ljava/lang/Object;Ljava/lang/Object;Ljava/lang/Object;)I> (0x000000071476dc78) thrown at [./open/src/hotspot/share

Events (10 events):
Event: 3.250 loading class javax/servlet/DispatcherType
Event: 3.250 loading class javax/servlet/DispatcherType done
Event: 3.250 loading class org/springframework/boot/web/servlet/ServletContextInitializerBeans$1
Event: 3.250 loading class org/springframework/boot/web/servlet/ServletContextInitializerBeans$1 done
Event: 3.251 Executing VM operation: Deoptimize
Event: 3.251 Executing VM operation: Deoptimize done
Event: 3.251 loading class org/springframework/boot/web/servlet/ServletListenerRegistrationBean
Event: 3.251 loading class org/springframework/boot/web/servlet/ServletListenerRegistrationBean done
Event: 3.251 loading class javax/servlet/ServletContextAttributeListener
Event: 3.251 loading class javax/servlet/ServletContextAttributeListener done


Dynamic libraries:
0x00007ff79dc00000 - 0x00007ff79dc47000 	C:\Program Files\Java\jdk-11.0.7\bin\java.exe
0x00007ffe56c80000 - 0x00007ffe56e70000 	C:\Windows\SYSTEM32\ntdll.dll
0x00007ffe56510000 - 0x00007ffe565c2000 	C:\Windows\System32\KERNEL32.DLL
0x00007ffe548a0000 - 0x00007ffe54b44000 	C:\Windows\System32\KERNELBASE.dll
0x00007ffe565d0000 - 0x00007ffe56673000 	C:\Windows\System32\ADVAPI32.dll
0x00007ffe56470000 - 0x00007ffe5650e000 	C:\Windows\System32\msvcrt.dll
0x00007ffe55910000 - 0x00007ffe559a7000 	C:\Windows\System32\sechost.dll
0x00007ffe54d30000 - 0x00007ffe54e50000 	C:\Windows\System32\RPCRT4.dll
0x00007ffe562d0000 - 0x00007ffe56464000 	C:\Windows\System32\USER32.dll
0x00007ffe54d00000 - 0x00007ffe54d21000 	C:\Windows\System32\win32u.dll
0x00007ffe55270000 - 0x00007ffe55296000 	C:\Windows\System32\GDI32.dll
0x00007ffe53d10000 - 0x00007ffe53ea4000 	C:\Windows\System32\gdi32full.dll
0x00007ffe53fb0000 - 0x00007ffe5404e000 	C:\Windows\System32\msvcp_win.dll
0x00007ffe53eb0000 - 0x00007ffe53faa000 	C:\Windows\System32\ucrtbase.dll
0x00007ffe52900000 - 0x00007ffe52b84000 	C:\Windows\WinSxS\amd64_microsoft.windows.common-controls_6595b64144ccf1df_6.0.18362.836_none_e6c4b943130f18ed\COMCTL32.dll
0x00007ffe54e50000 - 0x00007ffe55186000 	C:\Windows\System32\combase.dll
0x00007ffe547d0000 - 0x00007ffe54850000 	C:\Windows\System32\bcryptPrimitives.dll
0x00007ffe4c330000 - 0x00007ffe4c33a000 	C:\Windows\SYSTEM32\VERSION.dll
0x00007ffe56700000 - 0x00007ffe5672e000 	C:\Windows\System32\IMM32.DLL
0x00007ffe520b0000 - 0x00007ffe520c6000 	C:\Program Files\Java\jdk-11.0.7\bin\vcruntime140.dll
0x00007ffe52000000 - 0x00007ffe520aa000 	C:\Program Files\Java\jdk-11.0.7\bin\msvcp140.dll
0x00007ffe16920000 - 0x00007ffe17481000 	C:\Program Files\Java\jdk-11.0.7\bin\server\jvm.dll
0x00007ffe55190000 - 0x00007ffe55198000 	C:\Windows\System32\PSAPI.DLL
0x00007ffe42c00000 - 0x00007ffe42c09000 	C:\Windows\SYSTEM32\WSOCK32.dll
0x00007ffe56690000 - 0x00007ffe566ff000 	C:\Windows\System32\WS2_32.dll
0x00007ffe50770000 - 0x00007ffe50794000 	C:\Windows\SYSTEM32\WINMM.dll
0x00007ffe50740000 - 0x00007ffe5076d000 	C:\Windows\SYSTEM32\WINMMBASE.dll
0x00007ffe54850000 - 0x00007ffe5489a000 	C:\Windows\System32\cfgmgr32.dll
0x00007ffe53bf0000 - 0x00007ffe53c01000 	C:\Windows\System32\kernel.appcore.dll
0x00007ffe51fe0000 - 0x00007ffe51ff1000 	C:\Program Files\Java\jdk-11.0.7\bin\verify.dll
0x00007ffe53620000 - 0x00007ffe53814000 	C:\Windows\SYSTEM32\DBGHELP.DLL
0x00007ffe52e70000 - 0x00007ffe52e9a000 	C:\Windows\SYSTEM32\dbgcore.DLL
0x00007ffe51fb0000 - 0x00007ffe51fd9000 	C:\Program Files\Java\jdk-11.0.7\bin\java.dll
0x00007ffe51fa0000 - 0x00007ffe51faa000 	C:\Program Files\Java\jdk-11.0.7\bin\jimage.dll
0x00007ffe51f20000 - 0x00007ffe51f50000 	C:\Program Files\Java\jdk-11.0.7\bin\instrument.dll
0x00007ffe51f80000 - 0x00007ffe51f96000 	C:\Program Files\Java\jdk-11.0.7\bin\zip.dll
0x00007ffe559b0000 - 0x00007ffe56094000 	C:\Windows\System32\SHELL32.dll
0x00007ffe552a0000 - 0x00007ffe55349000 	C:\Windows\System32\shcore.dll
0x00007ffe54050000 - 0x00007ffe547ce000 	C:\Windows\System32\windows.storage.dll
0x00007ffe53bc0000 - 0x00007ffe53be3000 	C:\Windows\System32\profapi.dll
0x00007ffe53b50000 - 0x00007ffe53b9a000 	C:\Windows\System32\powrprof.dll
0x00007ffe53b40000 - 0x00007ffe53b50000 	C:\Windows\System32\UMPDC.dll
0x00007ffe55210000 - 0x00007ffe55262000 	C:\Windows\System32\shlwapi.dll
0x00007ffe53c10000 - 0x00007ffe53c27000 	C:\Windows\System32\cryptsp.dll
0x00007ffe51f00000 - 0x00007ffe51f19000 	C:\Program Files\Java\jdk-11.0.7\bin\net.dll
0x00007ffe493c0000 - 0x00007ffe494b0000 	C:\Windows\SYSTEM32\WINHTTP.dll
0x00007ffe53090000 - 0x00007ffe530f7000 	C:\Windows\system32\mswsock.dll
0x00007ffe51bf0000 - 0x00007ffe51c03000 	C:\Program Files\Java\jdk-11.0.7\bin\nio.dll
0x00007ffe51bd0000 - 0x00007ffe51bea000 	C:\Program Files\JetBrains\IntelliJ IDEA Community Edition 2019.3.4\bin\breakgen64.dll
0x00007ffe51f60000 - 0x00007ffe51f69000 	C:\Program Files\Java\jdk-11.0.7\bin\management.dll
0x00007ffe51bc0000 - 0x00007ffe51bcc000 	C:\Program Files\Java\jdk-11.0.7\bin\management_ext.dll
0x00007ffe427c0000 - 0x00007ffe427d6000 	C:\Windows\system32\napinsp.dll
0x00007ffe427a0000 - 0x00007ffe427ba000 	C:\Windows\system32\pnrpnsp.dll
0x00007ffe52d90000 - 0x00007ffe52e5b000 	C:\Windows\SYSTEM32\DNSAPI.dll
0x00007ffe56680000 - 0x00007ffe56688000 	C:\Windows\System32\NSI.dll
0x00007ffe52c90000 - 0x00007ffe52cca000 	C:\Windows\SYSTEM32\IPHLPAPI.DLL
0x00007ffe42760000 - 0x00007ffe4276e000 	C:\Windows\System32\winrnr.dll
0x00007ffe4f670000 - 0x00007ffe4f68c000 	C:\Windows\system32\NLAapi.dll
0x00007ffe42740000 - 0x00007ffe42755000 	C:\Windows\system32\wshbth.dll
0x00007ffe48fd0000 - 0x00007ffe48fda000 	C:\Windows\System32\rasadhlp.dll
0x00007ffe4bfc0000 - 0x00007ffe4c037000 	C:\Windows\System32\fwpuclnt.dll
0x00007ffe53c30000 - 0x00007ffe53c56000 	C:\Windows\System32\bcrypt.dll
0x00007ffe52860000 - 0x00007ffe52893000 	C:\Windows\system32\rsaenh.dll
0x00007ffe53a60000 - 0x00007ffe53a85000 	C:\Windows\SYSTEM32\USERENV.dll
0x00007ffe53290000 - 0x00007ffe5329c000 	C:\Windows\SYSTEM32\CRYPTBASE.dll
0x00007ffe4c1c0000 - 0x00007ffe4c1d6000 	C:\Windows\SYSTEM32\dhcpcsvc6.DLL
0x00007ffe4c1a0000 - 0x00007ffe4c1bc000 	C:\Windows\SYSTEM32\dhcpcsvc.DLL

dbghelp: loaded successfully - version: 4.0.5 - missing functions: none
symbol engine: initialized successfully - sym options: 0x614 - pdb path: .;C:\Program Files\Java\jdk-11.0.7\bin;C:\Windows\SYSTEM32;C:\Windows\WinSxS\amd64_microsoft.windows.common-controls_6595b64144ccf1df_6.0.18362.836_none_e6c4b943130f18ed;C:\Program Files\Java\jdk-11.0.7\bin\server;C:\Program Files\JetBrains\IntelliJ IDEA Community Edition 2019.3.4\bin

VM Arguments:
jvm_args: -javaagent:C:\Program Files\JetBrains\IntelliJ IDEA Community Edition 2019.3.4\lib\idea_rt.jar=52299:C:\Program Files\JetBrains\IntelliJ IDEA Community Edition 2019.3.4\bin -Dfile.encoding=UTF-8 
java_command: com.raphael.api.ApiSybase.ApiSybaseApplication
java_class_path (initial): C:\Java\api\Api-Sybase\target\classes;C:\Users\Raphael\.m2\repository\org\springframework\boot\spring-boot-starter-web\2.3.0.RELEASE\spring-boot-starter-web-2.3.0.RELEASE.jar;C:\Users\Raphael\.m2\repository\org\springframework\boot\spring-boot-starter\2.3.0.RELEASE\spring-boot-starter-2.3.0.RELEASE.jar;C:\Users\Raphael\.m2\repository\org\springframework\boot\spring-boot-starter-logging\2.3.0.RELEASE\spring-boot-starter-logging-2.3.0.RELEASE.jar;C:\Users\Raphael\.m2\repository\ch\qos\logback\logback-classic\1.2.3\logback-classic-1.2.3.jar;C:\Users\Raphael\.m2\repository\ch\qos\logback\logback-core\1.2.3\logback-core-1.2.3.jar;C:\Users\Raphael\.m2\repository\org\apache\logging\log4j\log4j-to-slf4j\2.13.2\log4j-to-slf4j-2.13.2.jar;C:\Users\Raphael\.m2\repository\org\apache\logging\log4j\log4j-api\2.13.2\log4j-api-2.13.2.jar;C:\Users\Raphael\.m2\repository\org\slf4j\jul-to-slf4j\1.7.30\jul-to-slf4j-1.7.30.jar;C:\Users\Raphael\.m2\repository\jakarta\annotation\jakarta.annotation-api\1.3.5\jakarta.annotation-api-1.3.5.jar;C:\Users\Raphael\.m2\repository\org\yaml\snakeyaml\1.26\snakeyaml-1.26.jar;C:\Users\Raphael\.m2\repository\org\springframework\boot\spring-boot-starter-json\2.3.0.RELEASE\spring-boot-starter-json-2.3.0.RELEASE.jar;C:\Users\Raphael\.m2\repository\com\fasterxml\jackson\core\jackson-databind\2.11.0\jackson-databind-2.11.0.jar;C:\Users\Raphael\.m2\repository\com\fasterxml\jackson\core\jackson-annotations\2.11.0\jackson-annotations-2.11.0.jar;C:\Users\Raphael\.m2\repository\com\fasterxml\jackson\core\jackson-core\2.11.0\jackson-core-2.11.0.jar;C:\Users\Raphael\.m2\repository\com\fasterxml\jackson\datatype\jackson-datatype-jdk8\2.11.0\jackson-datatype-jdk8-2.11.0.jar;C:\Users\Raphael\.m2\repository\com\fasterxml\jackson\datatype\jackson-datatype-jsr310\2.11.0\jackson-datatype-jsr310-2.11.0.jar;C:\Users\Raphael\.m2\repository\com\fasterxml\jackson\module\jackson-module-parameter-names\2.11.0\jackson-module-parameter-names-2.11.0.jar
Launcher Type: SUN_STANDARD

[Global flags]
     intx CICompilerCount                          = 3                                         {product} {ergonomic}
     uint ConcGCThreads                            = 1                                         {product} {ergonomic}
     uint G1ConcRefinementThreads                  = 4                                         {product} {ergonomic}
   size_t G1HeapRegionSize                         = 1048576                                   {product} {ergonomic}
    uintx GCDrainStackTargetSize                   = 64                                        {product} {ergonomic}
   size_t InitialHeapSize                          = 268435456                                 {product} {ergonomic}
   size_t MarkStackSize                            = 4194304                                   {product} {ergonomic}
   size_t MaxHeapSize                              = 4271898624                                {product} {ergonomic}
   size_t MaxNewSize                               = 2562719744                                {product} {ergonomic}
   size_t MinHeapDeltaBytes                        = 1048576                                   {product} {ergonomic}
    uintx NonNMethodCodeHeapSize                   = 5830732                                {pd product} {ergonomic}
    uintx NonProfiledCodeHeapSize                  = 122913754                              {pd product} {ergonomic}
    uintx ProfiledCodeHeapSize                     = 122913754                              {pd product} {ergonomic}
    uintx ReservedCodeCacheSize                    = 251658240                              {pd product} {ergonomic}
     bool SegmentedCodeCache                       = true                                      {product} {ergonomic}
     bool UseCompressedClassPointers               = true                                 {lp64_product} {ergonomic}
     bool UseCompressedOops                        = true                                 {lp64_product} {ergonomic}
     bool UseG1GC                                  = true                                      {product} {ergonomic}
     bool UseLargePagesIndividualAllocation        = false                                  {pd product} {ergonomic}

Logging:
Log output configuration:
 #0: stdout all=warning uptime,level,tags
 #1: stderr all=off uptime,level,tags

Environment Variables:
PATH=C:\Program Files (x86)\Intel\iCLS Client\;C:\Program Files\Intel\iCLS Client\;C:\Program Files (x86)\Common Files\Oracle\Java\javapath;C:\ProgramData\Oracle\Java\javapath;C:\Windows\system32;C:\Windows;C:\Windows\System32\Wbem;C:\Windows\System32\WindowsPowerShell\v1.0\;C:\Windows\System32\OpenSSH\;C:\Program Files\Sybase\SQL Anywhere 9\x64;C:\Program Files\Sybase\SQL Anywhere 9\win32;C:\Program Files\Sybase\Shared\win32;C:\Program Files\Sybase\Shared\Sybase Central 4.3\win32;C:\Program Files\Microsoft SQL Server\Client SDK\ODBC\130\Tools\Binn\;C:\Program Files (x86)\Microsoft SQL Server\140\Tools\Binn\;C:\Program Files\Microsoft SQL Server\140\Tools\Binn\;C:\Program Files\Microsoft SQL Server\140\DTS\Binn\;C:\Program Files (x86)\Microsoft SQL Server\150\DTS\Binn\;C:\Program Files\Git\cmd;C:\Program Files (x86)\Intel\Intel(R) Management Engine Components\DAL;C:\Program Files\Intel\Intel(R) Management Engine Components\DAL;C:\Program Files (x86)\Intel\Intel(R) Management Engine Components\IPT;C:\Program Files\Intel\Intel(R) Management Engine Components\IPT;C:\Program Files\MySQL\MySQL Shell 8.0\bin\;C:\Users\Raphael\AppData\Local\Microsoft\WindowsApps;;C:\Users\Raphael\AppData\Local\Programs\Microsoft VS Code\bin
USERNAME=Raphael
OS=Windows_NT
PROCESSOR_IDENTIFIER=Intel64 Family 6 Model 60 Stepping 3, GenuineIntel



---------------  S Y S T E M  ---------------

OS: Windows 10 , 64 bit Build 18362 (10.0.18362.778)

CPU:total 4 (initial active 4) (4 cores per cpu, 1 threads per core) family 6 model 60 stepping 3, cmov, cx8, fxsr, mmx, sse, sse2, sse3, ssse3, sse4.1, sse4.2, popcnt, avx, avx2, aes, clmul, erms, lzcnt, tsc, tscinvbit, bmi1, bmi2, fma

Memory: 4k page, system-wide physical 16294M (10448M free)
TotalPageFile size 18726M (AvailPageFile size 10992M)
current process WorkingSet (physical memory assigned to process): 302M, peak: 302M
current process commit charge ("private bytes"): 479M, peak: 479M

vm_info: Java HotSpot(TM) 64-Bit Server VM (11.0.7+8-LTS) for windows-amd64 JRE (11.0.7+8-LTS), built on Mar 12 2020 02:04:32 by "mach5one" with MS VC++ 15.5 (VS2017)

END.
